Assembler report for NCO
Wed Dec 05 12:31:06 2018
Quartus Prime Version 18.1.0 Build 625 09/12/2018 SJ Standard Edition


---------------------
; Table of Contents ;
---------------------
  1. Legal Notice
  2. Assembler Summary
  3. Assembler Settings
  4. Assembler Encrypted IP Cores Summary
  5. Assembler Generated Files
  6. Assembler Device Options: C:/Users/Administrator/Desktop/github_code/Planof2019_half/Course_Project/FPGA/class09_NCO/output_files/NCO.sof
  7. Assembler Messages



----------------
; Legal Notice ;
----------------
Copyright (C) 2018  Intel Corporation. All rights reserved.
Your use of Intel Corporation's design tools, logic functions 
and other software and tools, and its AMPP partner logic 
functions, and any output files from any of the foregoing 
(including device programming or simulation files), and any 
associated documentation or information are expressly subject 
to the terms and conditions of the Intel Program License 
Subscription Agreement, the Intel Quartus Prime License Agreement,
the Intel FPGA IP License Agreement, or other applicable license
agreement, including, without limitation, that your use is for
the sole purpose of programming logic devices manufactured by
Intel and sold by Intel or its authorized distributors.  Please
refer to the applicable agreement for further details.



+---------------------------------------------------------------+
; Assembler Summary                                             ;
+-----------------------+---------------------------------------+
; Assembler Status      ; Successful - Wed Dec 05 12:31:06 2018 ;
; Revision Name         ; NCO                                   ;
; Top-level Entity Name ; NCO                                   ;
; Family                ; Cyclone IV E                          ;
; Device                ; EP4CE10F17C8                          ;
+-----------------------+---------------------------------------+


+----------------------------------+
; Assembler Settings               ;
+--------+---------+---------------+
; Option ; Setting ; Default Value ;
+--------+---------+---------------+


+--------------------------------------------------+
; Assembler Encrypted IP Cores Summary             ;
+--------+--------------------------+--------------+
; Vendor ; IP Core Name             ; License Type ;
+--------+--------------------------+--------------+
; Altera ; NCO Compiler (6AF7 0014) ; Licensed     ;
+--------+--------------------------+--------------+


+-----------------------------------------------------------------------------------------------------------------+
; Assembler Generated Files                                                                                       ;
+-----------------------------------------------------------------------------------------------------------------+
; File Name                                                                                                       ;
+-----------------------------------------------------------------------------------------------------------------+
; C:/Users/Administrator/Desktop/github_code/Planof2019_half/Course_Project/FPGA/class09_NCO/output_files/NCO.sof ;
+-----------------------------------------------------------------------------------------------------------------+


+-------------------------------------------------------------------------------------------------------------------------------------------+
; Assembler Device Options: C:/Users/Administrator/Desktop/github_code/Planof2019_half/Course_Project/FPGA/class09_NCO/output_files/NCO.sof ;
+----------------+--------------------------------------------------------------------------------------------------------------------------+
; Option         ; Setting                                                                                                                  ;
+----------------+--------------------------------------------------------------------------------------------------------------------------+
; JTAG usercode  ; 0x003C6B83                                                                                                               ;
; Checksum       ; 0x003C6B83                                                                                                               ;
+----------------+--------------------------------------------------------------------------------------------------------------------------+


+--------------------+
; Assembler Messages ;
+--------------------+
Info: *******************************************************************
Info: Running Quartus Prime Assembler
    Info: Version 18.1.0 Build 625 09/12/2018 SJ Standard Edition
    Info: Processing started: Wed Dec 05 12:31:05 2018
Info: Command: quartus_asm --read_settings_files=off --write_settings_files=off NCO -c NCO
Info (115031): Writing out detailed assembly data for power analysis
Info (115030): Assembler is generating device programming files
Info: Quartus Prime Assembler was successful. 0 errors, 0 warnings
    Info: Peak virtual memory: 4696 megabytes
    Info: Processing ended: Wed Dec 05 12:31:06 2018
    Info: Elapsed time: 00:00:01
    Info: Total CPU time (on all processors): 00:00:02


