Flow report for NCO
Wed Dec 05 12:31:13 2018
Quartus Prime Version 18.1.0 Build 625 09/12/2018 SJ Standard Edition


---------------------
; Table of Contents ;
---------------------
  1. Legal Notice
  2. Flow Summary
  3. Flow Settings
  4. Flow Non-Default Global Settings
  5. Flow Elapsed Time
  6. Flow OS Summary
  7. Flow Log
  8. Flow Messages
  9. Flow Suppressed Messages



----------------
; Legal Notice ;
----------------
Copyright (C) 2018  Intel Corporation. All rights reserved.
Your use of Intel Corporation's design tools, logic functions 
and other software and tools, and its AMPP partner logic 
functions, and any output files from any of the foregoing 
(including device programming or simulation files), and any 
associated documentation or information are expressly subject 
to the terms and conditions of the Intel Program License 
Subscription Agreement, the Intel Quartus Prime License Agreement,
the Intel FPGA IP License Agreement, or other applicable license
agreement, including, without limitation, that your use is for
the sole purpose of programming logic devices manufactured by
Intel and sold by Intel or its authorized distributors.  Please
refer to the applicable agreement for further details.



+--------------------------------------------------------------------------------------+
; Flow Summary                                                                         ;
+------------------------------------+-------------------------------------------------+
; Flow Status                        ; Successful - Wed Dec 05 12:31:13 2018           ;
; Quartus Prime Version              ; 18.1.0 Build 625 09/12/2018 SJ Standard Edition ;
; Revision Name                      ; NCO                                             ;
; Top-level Entity Name              ; NCO                                             ;
; Family                             ; Cyclone IV E                                    ;
; Device                             ; EP4CE10F17C8                                    ;
; Timing Models                      ; Final                                           ;
; Total logic elements               ; 298 / 10,320 ( 3 % )                            ;
;     Total combinational functions  ; 289 / 10,320 ( 3 % )                            ;
;     Dedicated logic registers      ; 268 / 10,320 ( 3 % )                            ;
; Total registers                    ; 268                                             ;
; Total pins                         ; 5 / 180 ( 3 % )                                 ;
; Total virtual pins                 ; 0                                               ;
; Total memory bits                  ; 180,224 / 423,936 ( 43 % )                      ;
; Embedded Multiplier 9-bit elements ; 0 / 46 ( 0 % )                                  ;
; Total PLLs                         ; 1 / 2 ( 50 % )                                  ;
+------------------------------------+-------------------------------------------------+


+-----------------------------------------+
; Flow Settings                           ;
+-------------------+---------------------+
; Option            ; Setting             ;
+-------------------+---------------------+
; Start date & time ; 12/05/2018 12:30:43 ;
; Main task         ; Compilation         ;
; Revision Name     ; NCO                 ;
+-------------------+---------------------+


+--------------------------------------------------------------------------------------------------------------------------------------------------+
; Flow Non-Default Global Settings                                                                                                                 ;
+--------------------------------------+------------------------------------------------------------+---------------+-------------+----------------+
; Assignment Name                      ; Value                                                      ; Default Value ; Entity Name ; Section Id     ;
+--------------------------------------+------------------------------------------------------------+---------------+-------------+----------------+
; COMPILER_SIGNATURE_ID                ; 13870907643043.154398424219108                             ; --            ; --          ; --             ;
; EDA_DESIGN_INSTANCE_NAME             ; NA                                                         ; --            ; --          ; NCO_tb         ;
; EDA_NATIVELINK_SIMULATION_TEST_BENCH ; NCO_tb                                                     ; --            ; --          ; eda_simulation ;
; EDA_OUTPUT_DATA_FORMAT               ; Verilog Hdl                                                ; --            ; --          ; eda_simulation ;
; EDA_SIMULATION_TOOL                  ; ModelSim-Altera (Verilog)                                  ; <None>        ; --          ; --             ;
; EDA_TEST_BENCH_ENABLE_STATUS         ; TEST_BENCH_MODE                                            ; --            ; --          ; eda_simulation ;
; EDA_TEST_BENCH_FILE                  ; testbench/NCO_tb.v                                         ; --            ; --          ; NCO_tb         ;
; EDA_TEST_BENCH_MODULE_NAME           ; NCO_tb                                                     ; --            ; --          ; NCO_tb         ;
; EDA_TEST_BENCH_NAME                  ; NCO_tb                                                     ; --            ; --          ; eda_simulation ;
; EDA_TIME_SCALE                       ; 1 ps                                                       ; --            ; --          ; eda_simulation ;
; MAX_CORE_JUNCTION_TEMP               ; 85                                                         ; --            ; --          ; --             ;
; MIN_CORE_JUNCTION_TEMP               ; 0                                                          ; --            ; --          ; --             ;
; MISC_FILE                            ; module/module/synthesis/../nco_test.cmp                    ; --            ; --          ; --             ;
; MISC_FILE                            ; module/module/synthesis/../../nco_test.qsys                ; --            ; --          ; --             ;
; MISC_FILE                            ; module/PLL_bb.v                                            ; --            ; --          ; --             ;
; MISC_FILE                            ; module/PLL.ppf                                             ; --            ; --          ; --             ;
; NOMINAL_CORE_SUPPLY_VOLTAGE          ; 1.2V                                                       ; --            ; --          ; --             ;
; NUM_PARALLEL_PROCESSORS              ; All                                                        ; --            ; --          ; --             ;
; PARTITION_COLOR                      ; -- (Not supported for targeted family)                     ; --            ; --          ; Top            ;
; PARTITION_FITTER_PRESERVATION_LEVEL  ; -- (Not supported for targeted family)                     ; --            ; --          ; Top            ;
; PARTITION_NETLIST_TYPE               ; -- (Not supported for targeted family)                     ; --            ; --          ; Top            ;
; POWER_BOARD_THERMAL_MODEL            ; None (CONSERVATIVE)                                        ; --            ; --          ; --             ;
; POWER_PRESET_COOLING_SOLUTION        ; 23 MM HEAT SINK WITH 200 LFPM AIRFLOW                      ; --            ; --          ; --             ;
; PROJECT_OUTPUT_DIRECTORY             ; output_files                                               ; --            ; --          ; --             ;
; SLD_FILE                             ; module/module/synthesis/nco_test.debuginfo                 ; --            ; --          ; --             ;
; SLD_INFO                             ; QSYS_NAME nco_test HAS_SOPCINFO 1 GENERATION_ID 1543982156 ; --            ; nco_test    ; --             ;
; SOPCINFO_FILE                        ; module/module/synthesis/../../nco_test.sopcinfo            ; --            ; --          ; --             ;
; SYNTHESIS_ONLY_QIP                   ; On                                                         ; --            ; --          ; --             ;
+--------------------------------------+------------------------------------------------------------+---------------+-------------+----------------+


+--------------------------------------------------------------------------------------------------------------------------+
; Flow Elapsed Time                                                                                                        ;
+----------------------+--------------+-------------------------+---------------------+------------------------------------+
; Module Name          ; Elapsed Time ; Average Processors Used ; Peak Virtual Memory ; Total CPU Time (on all processors) ;
+----------------------+--------------+-------------------------+---------------------+------------------------------------+
; Analysis & Synthesis ; 00:00:14     ; 1.0                     ; 4888 MB             ; 00:00:26                           ;
; Fitter               ; 00:00:05     ; 1.2                     ; 6529 MB             ; 00:00:08                           ;
; Assembler            ; 00:00:01     ; 1.0                     ; 4696 MB             ; 00:00:01                           ;
; Timing Analyzer      ; 00:00:02     ; 1.3                     ; 4919 MB             ; 00:00:02                           ;
; EDA Netlist Writer   ; 00:00:03     ; 1.0                     ; 4670 MB             ; 00:00:03                           ;
; Total                ; 00:00:25     ; --                      ; --                  ; 00:00:40                           ;
+----------------------+--------------+-------------------------+---------------------+------------------------------------+


+------------------------------------------------------------------------------------+
; Flow OS Summary                                                                    ;
+----------------------+------------------+------------+------------+----------------+
; Module Name          ; Machine Hostname ; OS Name    ; OS Version ; Processor type ;
+----------------------+------------------+------------+------------+----------------+
; Analysis & Synthesis ; DESKTOP-ITTDO9V  ; Windows 10 ; 10.0       ; x86_64         ;
; Fitter               ; DESKTOP-ITTDO9V  ; Windows 10 ; 10.0       ; x86_64         ;
; Assembler            ; DESKTOP-ITTDO9V  ; Windows 10 ; 10.0       ; x86_64         ;
; Timing Analyzer      ; DESKTOP-ITTDO9V  ; Windows 10 ; 10.0       ; x86_64         ;
; EDA Netlist Writer   ; DESKTOP-ITTDO9V  ; Windows 10 ; 10.0       ; x86_64         ;
+----------------------+------------------+------------+------------+----------------+


------------
; Flow Log ;
------------
quartus_map --read_settings_files=on --write_settings_files=off NCO -c NCO
quartus_fit --read_settings_files=off --write_settings_files=off NCO -c NCO
quartus_asm --read_settings_files=off --write_settings_files=off NCO -c NCO
quartus_sta NCO -c NCO
quartus_eda --read_settings_files=off --write_settings_files=off NCO -c NCO



