Analysis & Synthesis report for Ethernet
Tue Dec 11 05:21:16 2018
Quartus Prime Version 18.1.0 Build 625 09/12/2018 SJ Standard Edition


---------------------
; Table of Contents ;
---------------------
  1. Legal Notice
  2. Analysis & Synthesis Summary
  3. Analysis & Synthesis Settings
  4. Parallel Compilation
  5. Analysis & Synthesis Source Files Read
  6. Analysis & Synthesis Resource Usage Summary
  7. Analysis & Synthesis Resource Utilization by Entity
  8. Analysis & Synthesis RAM Summary
  9. Analysis & Synthesis IP Cores Summary
 10. State Machine - |arp_test|RTL8201_MII_MAC:RTL8201_MII_MAC1|SEND_STATE
 11. Registers Removed During Synthesis
 12. General Register Statistics
 13. Multiplexer Restructuring Statistics (Restructuring Performed)
 14. Source assignments for RTL8201_MII_MAC:RTL8201_MII_MAC1|RTL8201_RAM:RTL8201_RAM1|altsyncram:altsyncram_component|altsyncram_obk1:auto_generated
 15. Parameter Settings for User Entity Instance: RTL8201_MII_MAC:RTL8201_MII_MAC1|RTL8201_RAM:RTL8201_RAM1|altsyncram:altsyncram_component
 16. altsyncram Parameter Settings by Entity Instance
 17. Port Connectivity Checks: "RTL8201_MII_MAC:RTL8201_MII_MAC1"
 18. Port Connectivity Checks: "ARP:ARP1"
 19. Post-Synthesis Netlist Statistics for Top Partition
 20. Elapsed Time Per Partition
 21. Analysis & Synthesis Messages
 22. Analysis & Synthesis Suppressed Messages



----------------
; Legal Notice ;
----------------
Copyright (C) 2018  Intel Corporation. All rights reserved.
Your use of Intel Corporation's design tools, logic functions 
and other software and tools, and its AMPP partner logic 
functions, and any output files from any of the foregoing 
(including device programming or simulation files), and any 
associated documentation or information are expressly subject 
to the terms and conditions of the Intel Program License 
Subscription Agreement, the Intel Quartus Prime License Agreement,
the Intel FPGA IP License Agreement, or other applicable license
agreement, including, without limitation, that your use is for
the sole purpose of programming logic devices manufactured by
Intel and sold by Intel or its authorized distributors.  Please
refer to the applicable agreement for further details.



+--------------------------------------------------------------------------------------+
; Analysis & Synthesis Summary                                                         ;
+------------------------------------+-------------------------------------------------+
; Analysis & Synthesis Status        ; Successful - Tue Dec 11 05:21:16 2018           ;
; Quartus Prime Version              ; 18.1.0 Build 625 09/12/2018 SJ Standard Edition ;
; Revision Name                      ; Ethernet                                        ;
; Top-level Entity Name              ; arp_test                                        ;
; Family                             ; Cyclone IV E                                    ;
; Total logic elements               ; 290                                             ;
;     Total combinational functions  ; 290                                             ;
;     Dedicated logic registers      ; 118                                             ;
; Total registers                    ; 118                                             ;
; Total pins                         ; 9                                               ;
; Total virtual pins                 ; 0                                               ;
; Total memory bits                  ; 16,384                                          ;
; Embedded Multiplier 9-bit elements ; 0                                               ;
; Total PLLs                         ; 0                                               ;
+------------------------------------+-------------------------------------------------+


+------------------------------------------------------------------------------------------------------------+
; Analysis & Synthesis Settings                                                                              ;
+------------------------------------------------------------------+--------------------+--------------------+
; Option                                                           ; Setting            ; Default Value      ;
+------------------------------------------------------------------+--------------------+--------------------+
; Device                                                           ; EP4CE10F17C8       ;                    ;
; Top-level entity name                                            ; arp_test           ; Ethernet           ;
; Family name                                                      ; Cyclone IV E       ; Cyclone V          ;
; Maximum processors allowed for parallel compilation              ; All                ;                    ;
; Use smart compilation                                            ; Off                ; Off                ;
; Enable parallel Assembler and Timing Analyzer during compilation ; On                 ; On                 ;
; Enable compact report table                                      ; Off                ; Off                ;
; Restructure Multiplexers                                         ; Auto               ; Auto               ;
; Create Debugging Nodes for IP Cores                              ; Off                ; Off                ;
; Preserve fewer node names                                        ; On                 ; On                 ;
; Intel FPGA IP Evaluation Mode                                    ; Enable             ; Enable             ;
; Verilog Version                                                  ; Verilog_2001       ; Verilog_2001       ;
; VHDL Version                                                     ; VHDL_1993          ; VHDL_1993          ;
; State Machine Processing                                         ; Auto               ; Auto               ;
; Safe State Machine                                               ; Off                ; Off                ;
; Extract Verilog State Machines                                   ; On                 ; On                 ;
; Extract VHDL State Machines                                      ; On                 ; On                 ;
; Ignore Verilog initial constructs                                ; Off                ; Off                ;
; Iteration limit for constant Verilog loops                       ; 5000               ; 5000               ;
; Iteration limit for non-constant Verilog loops                   ; 250                ; 250                ;
; Add Pass-Through Logic to Inferred RAMs                          ; On                 ; On                 ;
; Infer RAMs from Raw Logic                                        ; On                 ; On                 ;
; Parallel Synthesis                                               ; On                 ; On                 ;
; DSP Block Balancing                                              ; Auto               ; Auto               ;
; NOT Gate Push-Back                                               ; On                 ; On                 ;
; Power-Up Don't Care                                              ; On                 ; On                 ;
; Remove Redundant Logic Cells                                     ; Off                ; Off                ;
; Remove Duplicate Registers                                       ; On                 ; On                 ;
; Ignore CARRY Buffers                                             ; Off                ; Off                ;
; Ignore CASCADE Buffers                                           ; Off                ; Off                ;
; Ignore GLOBAL Buffers                                            ; Off                ; Off                ;
; Ignore ROW GLOBAL Buffers                                        ; Off                ; Off                ;
; Ignore LCELL Buffers                                             ; Off                ; Off                ;
; Ignore SOFT Buffers                                              ; On                 ; On                 ;
; Limit AHDL Integers to 32 Bits                                   ; Off                ; Off                ;
; Optimization Technique                                           ; Balanced           ; Balanced           ;
; Carry Chain Length                                               ; 70                 ; 70                 ;
; Auto Carry Chains                                                ; On                 ; On                 ;
; Auto Open-Drain Pins                                             ; On                 ; On                 ;
; Perform WYSIWYG Primitive Resynthesis                            ; Off                ; Off                ;
; Auto ROM Replacement                                             ; On                 ; On                 ;
; Auto RAM Replacement                                             ; On                 ; On                 ;
; Auto DSP Block Replacement                                       ; On                 ; On                 ;
; Auto Shift Register Replacement                                  ; Auto               ; Auto               ;
; Allow Shift Register Merging across Hierarchies                  ; Auto               ; Auto               ;
; Auto Clock Enable Replacement                                    ; On                 ; On                 ;
; Strict RAM Replacement                                           ; Off                ; Off                ;
; Allow Synchronous Control Signals                                ; On                 ; On                 ;
; Force Use of Synchronous Clear Signals                           ; Off                ; Off                ;
; Auto RAM Block Balancing                                         ; On                 ; On                 ;
; Auto RAM to Logic Cell Conversion                                ; Off                ; Off                ;
; Auto Resource Sharing                                            ; Off                ; Off                ;
; Allow Any RAM Size For Recognition                               ; Off                ; Off                ;
; Allow Any ROM Size For Recognition                               ; Off                ; Off                ;
; Allow Any Shift Register Size For Recognition                    ; Off                ; Off                ;
; Use LogicLock Constraints during Resource Balancing              ; On                 ; On                 ;
; Ignore translate_off and synthesis_off directives                ; Off                ; Off                ;
; Timing-Driven Synthesis                                          ; On                 ; On                 ;
; Report Parameter Settings                                        ; On                 ; On                 ;
; Report Source Assignments                                        ; On                 ; On                 ;
; Report Connectivity Checks                                       ; On                 ; On                 ;
; Ignore Maximum Fan-Out Assignments                               ; Off                ; Off                ;
; Synchronization Register Chain Length                            ; 2                  ; 2                  ;
; Power Optimization During Synthesis                              ; Normal compilation ; Normal compilation ;
; HDL message level                                                ; Level2             ; Level2             ;
; Suppress Register Optimization Related Messages                  ; Off                ; Off                ;
; Number of Removed Registers Reported in Synthesis Report         ; 5000               ; 5000               ;
; Number of Swept Nodes Reported in Synthesis Report               ; 5000               ; 5000               ;
; Number of Inverted Registers Reported in Synthesis Report        ; 100                ; 100                ;
; Clock MUX Protection                                             ; On                 ; On                 ;
; Auto Gated Clock Conversion                                      ; Off                ; Off                ;
; Block Design Naming                                              ; Auto               ; Auto               ;
; SDC constraint protection                                        ; Off                ; Off                ;
; Synthesis Effort                                                 ; Auto               ; Auto               ;
; Shift Register Replacement - Allow Asynchronous Clear Signal     ; On                 ; On                 ;
; Pre-Mapping Resynthesis Optimization                             ; Off                ; Off                ;
; Analysis & Synthesis Message Level                               ; Medium             ; Medium             ;
; Disable Register Merging Across Hierarchies                      ; Auto               ; Auto               ;
; Resource Aware Inference For Block RAM                           ; On                 ; On                 ;
+------------------------------------------------------------------+--------------------+--------------------+


+------------------------------------------+
; Parallel Compilation                     ;
+----------------------------+-------------+
; Processors                 ; Number      ;
+----------------------------+-------------+
; Number detected on machine ; 16          ;
; Maximum allowed            ; 16          ;
;                            ;             ;
; Average used               ; 1.00        ;
; Maximum used               ; 16          ;
;                            ;             ;
; Usage by Processor         ; % Time Used ;
;     Processor 1            ; 100.0%      ;
;     Processors 2-16        ;   0.0%      ;
+----------------------------+-------------+


+-------------------------------------------------------------------------------------------------------------------------------------------------------------------------------------------------------------------------------+
; Analysis & Synthesis Source Files Read                                                                                                                                                                                        ;
+----------------------------------+-----------------+------------------------------+---------------------------------------------------------------------------------------------------------------------------------+---------+
; File Name with User-Entered Path ; Used in Netlist ; File Type                    ; File Name with Absolute Path                                                                                                    ; Library ;
+----------------------------------+-----------------+------------------------------+---------------------------------------------------------------------------------------------------------------------------------+---------+
; module/RTL8201_RAM.v             ; yes             ; User Wizard-Generated File   ; C:/Users/Administrator/Desktop/github_code/Planof2019_half/Course_Project/FPGA/class12_RTL8201_MII_MAC/module/RTL8201_RAM.v     ;         ;
; module/RTL8201_MII_MAC.v         ; yes             ; User Verilog HDL File        ; C:/Users/Administrator/Desktop/github_code/Planof2019_half/Course_Project/FPGA/class12_RTL8201_MII_MAC/module/RTL8201_MII_MAC.v ;         ;
; module/ARP.v                     ; yes             ; User Verilog HDL File        ; C:/Users/Administrator/Desktop/github_code/Planof2019_half/Course_Project/FPGA/class12_RTL8201_MII_MAC/module/ARP.v             ;         ;
; module/CRC32.v                   ; yes             ; User Verilog HDL File        ; C:/Users/Administrator/Desktop/github_code/Planof2019_half/Course_Project/FPGA/class12_RTL8201_MII_MAC/module/CRC32.v           ;         ;
; module/arp_test.v                ; yes             ; User Verilog HDL File        ; C:/Users/Administrator/Desktop/github_code/Planof2019_half/Course_Project/FPGA/class12_RTL8201_MII_MAC/module/arp_test.v        ;         ;
; altsyncram.tdf                   ; yes             ; Megafunction                 ; c:/intelfpga/18.1/quartus/libraries/megafunctions/altsyncram.tdf                                                                ;         ;
; stratix_ram_block.inc            ; yes             ; Megafunction                 ; c:/intelfpga/18.1/quartus/libraries/megafunctions/stratix_ram_block.inc                                                         ;         ;
; lpm_mux.inc                      ; yes             ; Megafunction                 ; c:/intelfpga/18.1/quartus/libraries/megafunctions/lpm_mux.inc                                                                   ;         ;
; lpm_decode.inc                   ; yes             ; Megafunction                 ; c:/intelfpga/18.1/quartus/libraries/megafunctions/lpm_decode.inc                                                                ;         ;
; aglobal181.inc                   ; yes             ; Megafunction                 ; c:/intelfpga/18.1/quartus/libraries/megafunctions/aglobal181.inc                                                                ;         ;
; a_rdenreg.inc                    ; yes             ; Megafunction                 ; c:/intelfpga/18.1/quartus/libraries/megafunctions/a_rdenreg.inc                                                                 ;         ;
; altrom.inc                       ; yes             ; Megafunction                 ; c:/intelfpga/18.1/quartus/libraries/megafunctions/altrom.inc                                                                    ;         ;
; altram.inc                       ; yes             ; Megafunction                 ; c:/intelfpga/18.1/quartus/libraries/megafunctions/altram.inc                                                                    ;         ;
; altdpram.inc                     ; yes             ; Megafunction                 ; c:/intelfpga/18.1/quartus/libraries/megafunctions/altdpram.inc                                                                  ;         ;
; db/altsyncram_obk1.tdf           ; yes             ; Auto-Generated Megafunction  ; C:/Users/Administrator/Desktop/github_code/Planof2019_half/Course_Project/FPGA/class12_RTL8201_MII_MAC/db/altsyncram_obk1.tdf   ;         ;
+----------------------------------+-----------------+------------------------------+---------------------------------------------------------------------------------------------------------------------------------+---------+


+---------------------------------------------------------+
; Analysis & Synthesis Resource Usage Summary             ;
+---------------------------------------------+-----------+
; Resource                                    ; Usage     ;
+---------------------------------------------+-----------+
; Estimated Total logic elements              ; 290       ;
;                                             ;           ;
; Total combinational functions               ; 290       ;
; Logic element usage by number of LUT inputs ;           ;
;     -- 4 input functions                    ; 162       ;
;     -- 3 input functions                    ; 35        ;
;     -- <=2 input functions                  ; 93        ;
;                                             ;           ;
; Logic elements by mode                      ;           ;
;     -- normal mode                          ; 229       ;
;     -- arithmetic mode                      ; 61        ;
;                                             ;           ;
; Total registers                             ; 118       ;
;     -- Dedicated logic registers            ; 118       ;
;     -- I/O registers                        ; 0         ;
;                                             ;           ;
; I/O pins                                    ; 9         ;
; Total memory bits                           ; 16384     ;
;                                             ;           ;
; Embedded Multiplier 9-bit elements          ; 0         ;
;                                             ;           ;
; Maximum fan-out node                        ; rst~input ;
; Maximum fan-out                             ; 119       ;
; Total fan-out                               ; 1647      ;
; Average fan-out                             ; 3.79      ;
+---------------------------------------------+-----------+


+-----------------------------------------------------------------------------------------------------------------------------------------------------------------------------------------------------------------------------------------------------------------------------------------------------------------------------------------------+
; Analysis & Synthesis Resource Utilization by Entity                                                                                                                                                                                                                                                                                           ;
+----------------------------------------------+---------------------+---------------------------+-------------+--------------+---------+-----------+------+--------------+------------------------------------------------------------------------------------------------------------------------------------+-----------------+--------------+
; Compilation Hierarchy Node                   ; Combinational ALUTs ; Dedicated Logic Registers ; Memory Bits ; DSP Elements ; DSP 9x9 ; DSP 18x18 ; Pins ; Virtual Pins ; Full Hierarchy Name                                                                                                                ; Entity Name     ; Library Name ;
+----------------------------------------------+---------------------+---------------------------+-------------+--------------+---------+-----------+------+--------------+------------------------------------------------------------------------------------------------------------------------------------+-----------------+--------------+
; |arp_test                                    ; 290 (52)            ; 118 (33)                  ; 16384       ; 0            ; 0       ; 0         ; 9    ; 0            ; |arp_test                                                                                                                          ; arp_test        ; work         ;
;    |ARP:ARP1|                                ; 90 (90)             ; 16 (16)                   ; 0           ; 0            ; 0       ; 0         ; 0    ; 0            ; |arp_test|ARP:ARP1                                                                                                                 ; ARP             ; work         ;
;    |RTL8201_MII_MAC:RTL8201_MII_MAC1|        ; 148 (102)           ; 69 (69)                   ; 16384       ; 0            ; 0       ; 0         ; 0    ; 0            ; |arp_test|RTL8201_MII_MAC:RTL8201_MII_MAC1                                                                                         ; RTL8201_MII_MAC ; work         ;
;       |RTL8201_RAM:RTL8201_RAM1|             ; 0 (0)               ; 0 (0)                     ; 16384       ; 0            ; 0       ; 0         ; 0    ; 0            ; |arp_test|RTL8201_MII_MAC:RTL8201_MII_MAC1|RTL8201_RAM:RTL8201_RAM1                                                                ; RTL8201_RAM     ; work         ;
;          |altsyncram:altsyncram_component|   ; 0 (0)               ; 0 (0)                     ; 16384       ; 0            ; 0       ; 0         ; 0    ; 0            ; |arp_test|RTL8201_MII_MAC:RTL8201_MII_MAC1|RTL8201_RAM:RTL8201_RAM1|altsyncram:altsyncram_component                                ; altsyncram      ; work         ;
;             |altsyncram_obk1:auto_generated| ; 0 (0)               ; 0 (0)                     ; 16384       ; 0            ; 0       ; 0         ; 0    ; 0            ; |arp_test|RTL8201_MII_MAC:RTL8201_MII_MAC1|RTL8201_RAM:RTL8201_RAM1|altsyncram:altsyncram_component|altsyncram_obk1:auto_generated ; altsyncram_obk1 ; work         ;
;       |is_crc32_8bit:is_crc32_8bit1|         ; 46 (46)             ; 0 (0)                     ; 0           ; 0            ; 0       ; 0         ; 0    ; 0            ; |arp_test|RTL8201_MII_MAC:RTL8201_MII_MAC1|is_crc32_8bit:is_crc32_8bit1                                                            ; is_crc32_8bit   ; work         ;
+----------------------------------------------+---------------------+---------------------------+-------------+--------------+---------+-----------+------+--------------+------------------------------------------------------------------------------------------------------------------------------------+-----------------+--------------+
Note: For table entries with two numbers listed, the numbers in parentheses indicate the number of resources of the given type used by the specific entity alone. The numbers listed outside of parentheses indicate the total resources of the given type used by the specific entity and all of its sub-entities in the hierarchy.


+------------------------------------------------------------------------------------------------------------------------------------------------------------------------------------------------------------------------------------------+
; Analysis & Synthesis RAM Summary                                                                                                                                                                                                         ;
+-------------------------------------------------------------------------------------------------------------------------------------+------+------------------+--------------+--------------+--------------+--------------+-------+------+
; Name                                                                                                                                ; Type ; Mode             ; Port A Depth ; Port A Width ; Port B Depth ; Port B Width ; Size  ; MIF  ;
+-------------------------------------------------------------------------------------------------------------------------------------+------+------------------+--------------+--------------+--------------+--------------+-------+------+
; RTL8201_MII_MAC:RTL8201_MII_MAC1|RTL8201_RAM:RTL8201_RAM1|altsyncram:altsyncram_component|altsyncram_obk1:auto_generated|ALTSYNCRAM ; AUTO ; Simple Dual Port ; 2048         ; 8            ; 2048         ; 8            ; 16384 ; None ;
+-------------------------------------------------------------------------------------------------------------------------------------+------+------------------+--------------+--------------+--------------+--------------+-------+------+


+------------------------------------------------------------------------------------------------------------------------------------------------------------+
; Analysis & Synthesis IP Cores Summary                                                                                                                      ;
+--------+--------------+---------+--------------+--------------+---------------------------------------------------------------------+----------------------+
; Vendor ; IP Core Name ; Version ; Release Date ; License Type ; Entity Instance                                                     ; IP Include File      ;
+--------+--------------+---------+--------------+--------------+---------------------------------------------------------------------+----------------------+
; Altera ; RAM: 2-PORT  ; 18.1    ; N/A          ; N/A          ; |arp_test|RTL8201_MII_MAC:RTL8201_MII_MAC1|RTL8201_RAM:RTL8201_RAM1 ; module/RTL8201_RAM.v ;
+--------+--------------+---------+--------------+--------------+---------------------------------------------------------------------+----------------------+


Encoding Type:  One-Hot
+------------------------------------------------------------------------------------------------------------------+
; State Machine - |arp_test|RTL8201_MII_MAC:RTL8201_MII_MAC1|SEND_STATE                                            ;
+----------------------------+----------------------------+---------------------------+----------------------------+
; Name                       ; SEND_STATE.SEND_STATE_IDLE ; SEND_STATE.SEND_STATE_ETH ; SEND_STATE.SEND_STATE_RECV ;
+----------------------------+----------------------------+---------------------------+----------------------------+
; SEND_STATE.SEND_STATE_IDLE ; 0                          ; 0                         ; 0                          ;
; SEND_STATE.SEND_STATE_RECV ; 1                          ; 0                         ; 1                          ;
; SEND_STATE.SEND_STATE_ETH  ; 1                          ; 1                         ; 0                          ;
+----------------------------+----------------------------+---------------------------+----------------------------+


+---------------------------------------------------------------------------------+
; Registers Removed During Synthesis                                              ;
+----------------------------------------+----------------------------------------+
; Register name                          ; Reason for Removal                     ;
+----------------------------------------+----------------------------------------+
; ARP:ARP1|mac[45..47]                   ; Stuck at GND due to stuck port data_in ;
; ARP:ARP1|mac[44]                       ; Stuck at VCC due to stuck port data_in ;
; ARP:ARP1|mac[42,43]                    ; Stuck at GND due to stuck port data_in ;
; ARP:ARP1|mac[41]                       ; Stuck at VCC due to stuck port data_in ;
; ARP:ARP1|mac[38..40]                   ; Stuck at GND due to stuck port data_in ;
; ARP:ARP1|mac[36,37]                    ; Stuck at VCC due to stuck port data_in ;
; ARP:ARP1|mac[35]                       ; Stuck at GND due to stuck port data_in ;
; ARP:ARP1|mac[34]                       ; Stuck at VCC due to stuck port data_in ;
; ARP:ARP1|mac[31..33]                   ; Stuck at GND due to stuck port data_in ;
; ARP:ARP1|mac[30]                       ; Stuck at VCC due to stuck port data_in ;
; ARP:ARP1|mac[29]                       ; Stuck at GND due to stuck port data_in ;
; ARP:ARP1|mac[28]                       ; Stuck at VCC due to stuck port data_in ;
; ARP:ARP1|mac[27]                       ; Stuck at GND due to stuck port data_in ;
; ARP:ARP1|mac[25,26]                    ; Stuck at VCC due to stuck port data_in ;
; ARP:ARP1|mac[23,24]                    ; Stuck at GND due to stuck port data_in ;
; ARP:ARP1|mac[19..22]                   ; Stuck at VCC due to stuck port data_in ;
; ARP:ARP1|mac[16..18]                   ; Stuck at GND due to stuck port data_in ;
; ARP:ARP1|mac[15]                       ; Stuck at VCC due to stuck port data_in ;
; ARP:ARP1|mac[13,14]                    ; Stuck at GND due to stuck port data_in ;
; ARP:ARP1|mac[12]                       ; Stuck at VCC due to stuck port data_in ;
; ARP:ARP1|mac[8..11]                    ; Stuck at GND due to stuck port data_in ;
; ARP:ARP1|mac[7]                        ; Stuck at VCC due to stuck port data_in ;
; ARP:ARP1|mac[6]                        ; Stuck at GND due to stuck port data_in ;
; ARP:ARP1|mac[5]                        ; Stuck at VCC due to stuck port data_in ;
; ARP:ARP1|mac[4]                        ; Stuck at GND due to stuck port data_in ;
; ARP:ARP1|mac[3]                        ; Stuck at VCC due to stuck port data_in ;
; ARP:ARP1|mac[2]                        ; Stuck at GND due to stuck port data_in ;
; ARP:ARP1|mac[0,1]                      ; Stuck at VCC due to stuck port data_in ;
; Total Number of Removed Registers = 48 ;                                        ;
+----------------------------------------+----------------------------------------+


+------------------------------------------------------+
; General Register Statistics                          ;
+----------------------------------------------+-------+
; Statistic                                    ; Value ;
+----------------------------------------------+-------+
; Total registers                              ; 118   ;
; Number of registers using Synchronous Clear  ; 52    ;
; Number of registers using Synchronous Load   ; 9     ;
; Number of registers using Asynchronous Clear ; 118   ;
; Number of registers using Asynchronous Load  ; 0     ;
; Number of registers using Clock Enable       ; 66    ;
; Number of registers using Preset             ; 0     ;
+----------------------------------------------+-------+


+-------------------------------------------------------------------------------------------------------------------------------------------------------------------------+
; Multiplexer Restructuring Statistics (Restructuring Performed)                                                                                                          ;
+--------------------+-----------+---------------+----------------------+------------------------+------------+-----------------------------------------------------------+
; Multiplexer Inputs ; Bus Width ; Baseline Area ; Area if Restructured ; Saving if Restructured ; Registered ; Example Multiplexer Output                                ;
+--------------------+-----------+---------------+----------------------+------------------------+------------+-----------------------------------------------------------+
; 4:1                ; 11 bits   ; 22 LEs        ; 11 LEs               ; 11 LEs                 ; Yes        ; |arp_test|RTL8201_MII_MAC:RTL8201_MII_MAC1|wraddress[3]   ;
; 5:1                ; 32 bits   ; 96 LEs        ; 32 LEs               ; 64 LEs                 ; Yes        ; |arp_test|RTL8201_MII_MAC:RTL8201_MII_MAC1|CRC32_in[1]    ;
; 33:1               ; 4 bits    ; 88 LEs        ; 32 LEs               ; 56 LEs                 ; Yes        ; |arp_test|RTL8201_MII_MAC:RTL8201_MII_MAC1|ETH_TX_DATA[3] ;
; 33:1               ; 11 bits   ; 242 LEs       ; 11 LEs               ; 231 LEs                ; Yes        ; |arp_test|RTL8201_MII_MAC:RTL8201_MII_MAC1|rdaddress[9]   ;
; 33:1               ; 4 bits    ; 88 LEs        ; 36 LEs               ; 52 LEs                 ; Yes        ; |arp_test|RTL8201_MII_MAC:RTL8201_MII_MAC1|Toggle_Send[0] ;
; 128:1              ; 8 bits    ; 680 LEs       ; 264 LEs              ; 416 LEs                ; Yes        ; |arp_test|ARP:ARP1|SEND_DATA[3]                           ;
; 6:1                ; 3 bits    ; 12 LEs        ; 6 LEs                ; 6 LEs                  ; No         ; |arp_test|RTL8201_MII_MAC:RTL8201_MII_MAC1|Selector0      ;
+--------------------+-----------+---------------+----------------------+------------------------+------------+-----------------------------------------------------------+


+-------------------------------------------------------------------------------------------------------------------------------------------------+
; Source assignments for RTL8201_MII_MAC:RTL8201_MII_MAC1|RTL8201_RAM:RTL8201_RAM1|altsyncram:altsyncram_component|altsyncram_obk1:auto_generated ;
+---------------------------------+--------------------+------+-----------------------------------------------------------------------------------+
; Assignment                      ; Value              ; From ; To                                                                                ;
+---------------------------------+--------------------+------+-----------------------------------------------------------------------------------+
; OPTIMIZE_POWER_DURING_SYNTHESIS ; NORMAL_COMPILATION ; -    ; -                                                                                 ;
+---------------------------------+--------------------+------+-----------------------------------------------------------------------------------+


+----------------------------------------------------------------------------------------------------------------------------------------+
; Parameter Settings for User Entity Instance: RTL8201_MII_MAC:RTL8201_MII_MAC1|RTL8201_RAM:RTL8201_RAM1|altsyncram:altsyncram_component ;
+------------------------------------+----------------------+----------------------------------------------------------------------------+
; Parameter Name                     ; Value                ; Type                                                                       ;
+------------------------------------+----------------------+----------------------------------------------------------------------------+
; BYTE_SIZE_BLOCK                    ; 8                    ; Untyped                                                                    ;
; AUTO_CARRY_CHAINS                  ; ON                   ; AUTO_CARRY                                                                 ;
; IGNORE_CARRY_BUFFERS               ; OFF                  ; IGNORE_CARRY                                                               ;
; AUTO_CASCADE_CHAINS                ; ON                   ; AUTO_CASCADE                                                               ;
; IGNORE_CASCADE_BUFFERS             ; OFF                  ; IGNORE_CASCADE                                                             ;
; WIDTH_BYTEENA                      ; 1                    ; Untyped                                                                    ;
; OPERATION_MODE                     ; DUAL_PORT            ; Untyped                                                                    ;
; WIDTH_A                            ; 8                    ; Signed Integer                                                             ;
; WIDTHAD_A                          ; 11                   ; Signed Integer                                                             ;
; NUMWORDS_A                         ; 2048                 ; Signed Integer                                                             ;
; OUTDATA_REG_A                      ; UNREGISTERED         ; Untyped                                                                    ;
; ADDRESS_ACLR_A                     ; NONE                 ; Untyped                                                                    ;
; OUTDATA_ACLR_A                     ; NONE                 ; Untyped                                                                    ;
; WRCONTROL_ACLR_A                   ; NONE                 ; Untyped                                                                    ;
; INDATA_ACLR_A                      ; NONE                 ; Untyped                                                                    ;
; BYTEENA_ACLR_A                     ; NONE                 ; Untyped                                                                    ;
; WIDTH_B                            ; 8                    ; Signed Integer                                                             ;
; WIDTHAD_B                          ; 11                   ; Signed Integer                                                             ;
; NUMWORDS_B                         ; 2048                 ; Signed Integer                                                             ;
; INDATA_REG_B                       ; CLOCK1               ; Untyped                                                                    ;
; WRCONTROL_WRADDRESS_REG_B          ; CLOCK1               ; Untyped                                                                    ;
; RDCONTROL_REG_B                    ; CLOCK1               ; Untyped                                                                    ;
; ADDRESS_REG_B                      ; CLOCK1               ; Untyped                                                                    ;
; OUTDATA_REG_B                      ; UNREGISTERED         ; Untyped                                                                    ;
; BYTEENA_REG_B                      ; CLOCK1               ; Untyped                                                                    ;
; INDATA_ACLR_B                      ; NONE                 ; Untyped                                                                    ;
; WRCONTROL_ACLR_B                   ; NONE                 ; Untyped                                                                    ;
; ADDRESS_ACLR_B                     ; NONE                 ; Untyped                                                                    ;
; OUTDATA_ACLR_B                     ; NONE                 ; Untyped                                                                    ;
; RDCONTROL_ACLR_B                   ; NONE                 ; Untyped                                                                    ;
; BYTEENA_ACLR_B                     ; NONE                 ; Untyped                                                                    ;
; WIDTH_BYTEENA_A                    ; 1                    ; Signed Integer                                                             ;
; WIDTH_BYTEENA_B                    ; 1                    ; Untyped                                                                    ;
; RAM_BLOCK_TYPE                     ; AUTO                 ; Untyped                                                                    ;
; BYTE_SIZE                          ; 8                    ; Untyped                                                                    ;
; READ_DURING_WRITE_MODE_MIXED_PORTS ; DONT_CARE            ; Untyped                                                                    ;
; READ_DURING_WRITE_MODE_PORT_A      ; NEW_DATA_NO_NBE_READ ; Untyped                                                                    ;
; READ_DURING_WRITE_MODE_PORT_B      ; NEW_DATA_NO_NBE_READ ; Untyped                                                                    ;
; INIT_FILE                          ; UNUSED               ; Untyped                                                                    ;
; INIT_FILE_LAYOUT                   ; PORT_A               ; Untyped                                                                    ;
; MAXIMUM_DEPTH                      ; 0                    ; Untyped                                                                    ;
; CLOCK_ENABLE_INPUT_A               ; BYPASS               ; Untyped                                                                    ;
; CLOCK_ENABLE_INPUT_B               ; BYPASS               ; Untyped                                                                    ;
; CLOCK_ENABLE_OUTPUT_A              ; NORMAL               ; Untyped                                                                    ;
; CLOCK_ENABLE_OUTPUT_B              ; BYPASS               ; Untyped                                                                    ;
; CLOCK_ENABLE_CORE_A                ; USE_INPUT_CLKEN      ; Untyped                                                                    ;
; CLOCK_ENABLE_CORE_B                ; USE_INPUT_CLKEN      ; Untyped                                                                    ;
; ENABLE_ECC                         ; FALSE                ; Untyped                                                                    ;
; ECC_PIPELINE_STAGE_ENABLED         ; FALSE                ; Untyped                                                                    ;
; WIDTH_ECCSTATUS                    ; 3                    ; Untyped                                                                    ;
; DEVICE_FAMILY                      ; Cyclone IV E         ; Untyped                                                                    ;
; CBXI_PARAMETER                     ; altsyncram_obk1      ; Untyped                                                                    ;
+------------------------------------+----------------------+----------------------------------------------------------------------------+
Note: In order to hide this table in the UI and the text report file, please set the "Show Parameter Settings in Synthesis Report" option in "Analysis and Synthesis Settings -> More Settings" to "Off".


+---------------------------------------------------------------------------------------------------------------------------------------+
; altsyncram Parameter Settings by Entity Instance                                                                                      ;
+-------------------------------------------+-------------------------------------------------------------------------------------------+
; Name                                      ; Value                                                                                     ;
+-------------------------------------------+-------------------------------------------------------------------------------------------+
; Number of entity instances                ; 1                                                                                         ;
; Entity Instance                           ; RTL8201_MII_MAC:RTL8201_MII_MAC1|RTL8201_RAM:RTL8201_RAM1|altsyncram:altsyncram_component ;
;     -- OPERATION_MODE                     ; DUAL_PORT                                                                                 ;
;     -- WIDTH_A                            ; 8                                                                                         ;
;     -- NUMWORDS_A                         ; 2048                                                                                      ;
;     -- OUTDATA_REG_A                      ; UNREGISTERED                                                                              ;
;     -- WIDTH_B                            ; 8                                                                                         ;
;     -- NUMWORDS_B                         ; 2048                                                                                      ;
;     -- ADDRESS_REG_B                      ; CLOCK1                                                                                    ;
;     -- OUTDATA_REG_B                      ; UNREGISTERED                                                                              ;
;     -- RAM_BLOCK_TYPE                     ; AUTO                                                                                      ;
;     -- READ_DURING_WRITE_MODE_MIXED_PORTS ; DONT_CARE                                                                                 ;
+-------------------------------------------+-------------------------------------------------------------------------------------------+


+--------------------------------------------------------------+
; Port Connectivity Checks: "RTL8201_MII_MAC:RTL8201_MII_MAC1" ;
+-------------+-------+----------+-----------------------------+
; Port        ; Type  ; Severity ; Details                     ;
+-------------+-------+----------+-----------------------------+
; ETH_RX_DV   ; Input ; Info     ; Explicitly unconnected      ;
; ETH_RX_ER   ; Input ; Info     ; Explicitly unconnected      ;
; ETH_RX_CLK  ; Input ; Info     ; Explicitly unconnected      ;
; ETH_RX_DATA ; Input ; Info     ; Explicitly unconnected      ;
; ETH_CRS     ; Input ; Info     ; Explicitly unconnected      ;
+-------------+-------+----------+-----------------------------+


+----------------------------------------------------------------------------------------------------------------------------+
; Port Connectivity Checks: "ARP:ARP1"                                                                                       ;
+------------------+--------+----------+-------------------------------------------------------------------------------------+
; Port             ; Type   ; Severity ; Details                                                                             ;
+------------------+--------+----------+-------------------------------------------------------------------------------------+
; mac_addr[37..36] ; Input  ; Info     ; Stuck at VCC                                                                        ;
; mac_addr[26..25] ; Input  ; Info     ; Stuck at VCC                                                                        ;
; mac_addr[22..19] ; Input  ; Info     ; Stuck at VCC                                                                        ;
; mac_addr[1..0]   ; Input  ; Info     ; Stuck at VCC                                                                        ;
; mac_addr[47..45] ; Input  ; Info     ; Stuck at GND                                                                        ;
; mac_addr[43..42] ; Input  ; Info     ; Stuck at GND                                                                        ;
; mac_addr[40..38] ; Input  ; Info     ; Stuck at GND                                                                        ;
; mac_addr[33..31] ; Input  ; Info     ; Stuck at GND                                                                        ;
; mac_addr[24..23] ; Input  ; Info     ; Stuck at GND                                                                        ;
; mac_addr[18..16] ; Input  ; Info     ; Stuck at GND                                                                        ;
; mac_addr[14..13] ; Input  ; Info     ; Stuck at GND                                                                        ;
; mac_addr[11..8]  ; Input  ; Info     ; Stuck at GND                                                                        ;
; mac_addr[44]     ; Input  ; Info     ; Stuck at VCC                                                                        ;
; mac_addr[41]     ; Input  ; Info     ; Stuck at VCC                                                                        ;
; mac_addr[35]     ; Input  ; Info     ; Stuck at GND                                                                        ;
; mac_addr[34]     ; Input  ; Info     ; Stuck at VCC                                                                        ;
; mac_addr[30]     ; Input  ; Info     ; Stuck at VCC                                                                        ;
; mac_addr[29]     ; Input  ; Info     ; Stuck at GND                                                                        ;
; mac_addr[28]     ; Input  ; Info     ; Stuck at VCC                                                                        ;
; mac_addr[27]     ; Input  ; Info     ; Stuck at GND                                                                        ;
; mac_addr[15]     ; Input  ; Info     ; Stuck at VCC                                                                        ;
; mac_addr[12]     ; Input  ; Info     ; Stuck at VCC                                                                        ;
; mac_addr[7]      ; Input  ; Info     ; Stuck at VCC                                                                        ;
; mac_addr[6]      ; Input  ; Info     ; Stuck at GND                                                                        ;
; mac_addr[5]      ; Input  ; Info     ; Stuck at VCC                                                                        ;
; mac_addr[4]      ; Input  ; Info     ; Stuck at GND                                                                        ;
; mac_addr[3]      ; Input  ; Info     ; Stuck at VCC                                                                        ;
; mac_addr[2]      ; Input  ; Info     ; Stuck at GND                                                                        ;
; src_ip[31..30]   ; Input  ; Info     ; Stuck at VCC                                                                        ;
; src_ip[29..24]   ; Input  ; Info     ; Stuck at GND                                                                        ;
; src_ip[18..4]    ; Input  ; Info     ; Stuck at GND                                                                        ;
; src_ip[2..1]     ; Input  ; Info     ; Stuck at GND                                                                        ;
; src_ip[23]       ; Input  ; Info     ; Stuck at VCC                                                                        ;
; src_ip[22]       ; Input  ; Info     ; Stuck at GND                                                                        ;
; src_ip[21]       ; Input  ; Info     ; Stuck at VCC                                                                        ;
; src_ip[20]       ; Input  ; Info     ; Stuck at GND                                                                        ;
; src_ip[19]       ; Input  ; Info     ; Stuck at VCC                                                                        ;
; src_ip[3]        ; Input  ; Info     ; Stuck at VCC                                                                        ;
; src_ip[0]        ; Input  ; Info     ; Stuck at VCC                                                                        ;
; dst_ip[31..30]   ; Input  ; Info     ; Stuck at VCC                                                                        ;
; dst_ip[1..0]     ; Input  ; Info     ; Stuck at VCC                                                                        ;
; dst_ip[29..24]   ; Input  ; Info     ; Stuck at GND                                                                        ;
; dst_ip[18..2]    ; Input  ; Info     ; Stuck at GND                                                                        ;
; dst_ip[23]       ; Input  ; Info     ; Stuck at VCC                                                                        ;
; dst_ip[22]       ; Input  ; Info     ; Stuck at GND                                                                        ;
; dst_ip[21]       ; Input  ; Info     ; Stuck at VCC                                                                        ;
; dst_ip[20]       ; Input  ; Info     ; Stuck at GND                                                                        ;
; dst_ip[19]       ; Input  ; Info     ; Stuck at VCC                                                                        ;
; busy             ; Output ; Info     ; Connected to dangling logic. Logic that only feeds a dangling port will be removed. ;
+------------------+--------+----------+-------------------------------------------------------------------------------------+


+-----------------------------------------------------+
; Post-Synthesis Netlist Statistics for Top Partition ;
+-----------------------+-----------------------------+
; Type                  ; Count                       ;
+-----------------------+-----------------------------+
; boundary_port         ; 9                           ;
; cycloneiii_ff         ; 118                         ;
;     CLR               ; 51                          ;
;     CLR SLD           ; 1                           ;
;     ENA CLR           ; 6                           ;
;     ENA CLR SCLR      ; 52                          ;
;     ENA CLR SLD       ; 8                           ;
; cycloneiii_lcell_comb ; 290                         ;
;     arith             ; 61                          ;
;         2 data inputs ; 60                          ;
;         3 data inputs ; 1                           ;
;     normal            ; 229                         ;
;         1 data inputs ; 5                           ;
;         2 data inputs ; 28                          ;
;         3 data inputs ; 34                          ;
;         4 data inputs ; 162                         ;
; cycloneiii_ram_block  ; 8                           ;
;                       ;                             ;
; Max LUT depth         ; 5.00                        ;
; Average LUT depth     ; 3.06                        ;
+-----------------------+-----------------------------+


+-------------------------------+
; Elapsed Time Per Partition    ;
+----------------+--------------+
; Partition Name ; Elapsed Time ;
+----------------+--------------+
; Top            ; 00:00:01     ;
+----------------+--------------+


+-------------------------------+
; Analysis & Synthesis Messages ;
+-------------------------------+
Info: *******************************************************************
Info: Running Quartus Prime Analysis & Synthesis
    Info: Version 18.1.0 Build 625 09/12/2018 SJ Standard Edition
    Info: Processing started: Tue Dec 11 05:21:04 2018
Info: Command: quartus_map --read_settings_files=on --write_settings_files=off Ethernet -c Ethernet
Info (20030): Parallel compilation is enabled and will use 16 of the 16 processors detected
Info (12021): Found 1 design units, including 1 entities, in source file module/rtl8201_ram.v
    Info (12023): Found entity 1: RTL8201_RAM File: C:/Users/Administrator/Desktop/github_code/Planof2019_half/Course_Project/FPGA/class12_RTL8201_MII_MAC/module/RTL8201_RAM.v Line: 39
Info (12021): Found 1 design units, including 1 entities, in source file module/rtl8201_mii_mac.v
    Info (12023): Found entity 1: RTL8201_MII_MAC File: C:/Users/Administrator/Desktop/github_code/Planof2019_half/Course_Project/FPGA/class12_RTL8201_MII_MAC/module/RTL8201_MII_MAC.v Line: 1
Info (12021): Found 1 design units, including 1 entities, in source file testbench/rtl8201_mii_mac_tb.v
    Info (12023): Found entity 1: RTL8201_MII_MAC_tb File: C:/Users/Administrator/Desktop/github_code/Planof2019_half/Course_Project/FPGA/class12_RTL8201_MII_MAC/testbench/RTL8201_MII_MAC_tb.v Line: 2
Info (12021): Found 1 design units, including 1 entities, in source file module/arp.v
    Info (12023): Found entity 1: ARP File: C:/Users/Administrator/Desktop/github_code/Planof2019_half/Course_Project/FPGA/class12_RTL8201_MII_MAC/module/ARP.v Line: 1
Info (12021): Found 1 design units, including 1 entities, in source file module/crc32.v
    Info (12023): Found entity 1: is_crc32_8bit File: C:/Users/Administrator/Desktop/github_code/Planof2019_half/Course_Project/FPGA/class12_RTL8201_MII_MAC/module/CRC32.v Line: 1
Info (12021): Found 1 design units, including 1 entities, in source file module/arp_test.v
    Info (12023): Found entity 1: arp_test File: C:/Users/Administrator/Desktop/github_code/Planof2019_half/Course_Project/FPGA/class12_RTL8201_MII_MAC/module/arp_test.v Line: 1
Info (12021): Found 1 design units, including 1 entities, in source file testbench/arp_test_tb.v
    Info (12023): Found entity 1: arp_test_tb File: C:/Users/Administrator/Desktop/github_code/Planof2019_half/Course_Project/FPGA/class12_RTL8201_MII_MAC/testbench/arp_test_tb.v Line: 2
Info (12127): Elaborating entity "arp_test" for the top level hierarchy
Info (12128): Elaborating entity "ARP" for hierarchy "ARP:ARP1" File: C:/Users/Administrator/Desktop/github_code/Planof2019_half/Course_Project/FPGA/class12_RTL8201_MII_MAC/module/arp_test.v Line: 33
Warning (10036): Verilog HDL or VHDL warning at ARP.v(25): object "sip" assigned a value but never read File: C:/Users/Administrator/Desktop/github_code/Planof2019_half/Course_Project/FPGA/class12_RTL8201_MII_MAC/module/ARP.v Line: 25
Warning (10036): Verilog HDL or VHDL warning at ARP.v(26): object "dip" assigned a value but never read File: C:/Users/Administrator/Desktop/github_code/Planof2019_half/Course_Project/FPGA/class12_RTL8201_MII_MAC/module/ARP.v Line: 26
Warning (10230): Verilog HDL assignment warning at ARP.v(55): truncated value with size 32 to match size of target (7) File: C:/Users/Administrator/Desktop/github_code/Planof2019_half/Course_Project/FPGA/class12_RTL8201_MII_MAC/module/ARP.v Line: 55
Info (12128): Elaborating entity "RTL8201_MII_MAC" for hierarchy "RTL8201_MII_MAC:RTL8201_MII_MAC1" File: C:/Users/Administrator/Desktop/github_code/Planof2019_half/Course_Project/FPGA/class12_RTL8201_MII_MAC/module/arp_test.v Line: 61
Info (12128): Elaborating entity "RTL8201_RAM" for hierarchy "RTL8201_MII_MAC:RTL8201_MII_MAC1|RTL8201_RAM:RTL8201_RAM1" File: C:/Users/Administrator/Desktop/github_code/Planof2019_half/Course_Project/FPGA/class12_RTL8201_MII_MAC/module/RTL8201_MII_MAC.v Line: 44
Info (12128): Elaborating entity "altsyncram" for hierarchy "RTL8201_MII_MAC:RTL8201_MII_MAC1|RTL8201_RAM:RTL8201_RAM1|altsyncram:altsyncram_component" File: C:/Users/Administrator/Desktop/github_code/Planof2019_half/Course_Project/FPGA/class12_RTL8201_MII_MAC/module/RTL8201_RAM.v Line: 90
Info (12130): Elaborated megafunction instantiation "RTL8201_MII_MAC:RTL8201_MII_MAC1|RTL8201_RAM:RTL8201_RAM1|altsyncram:altsyncram_component" File: C:/Users/Administrator/Desktop/github_code/Planof2019_half/Course_Project/FPGA/class12_RTL8201_MII_MAC/module/RTL8201_RAM.v Line: 90
Info (12133): Instantiated megafunction "RTL8201_MII_MAC:RTL8201_MII_MAC1|RTL8201_RAM:RTL8201_RAM1|altsyncram:altsyncram_component" with the following parameter: File: C:/Users/Administrator/Desktop/github_code/Planof2019_half/Course_Project/FPGA/class12_RTL8201_MII_MAC/module/RTL8201_RAM.v Line: 90
    Info (12134): Parameter "address_aclr_b" = "NONE"
    Info (12134): Parameter "address_reg_b" = "CLOCK1"
    Info (12134): Parameter "clock_enable_input_a" = "BYPASS"
    Info (12134): Parameter "clock_enable_input_b" = "BYPASS"
    Info (12134): Parameter "clock_enable_output_b" = "BYPASS"
    Info (12134): Parameter "intended_device_family" = "Cyclone IV E"
    Info (12134): Parameter "lpm_type" = "altsyncram"
    Info (12134): Parameter "numwords_a" = "2048"
    Info (12134): Parameter "numwords_b" = "2048"
    Info (12134): Parameter "operation_mode" = "DUAL_PORT"
    Info (12134): Parameter "outdata_aclr_b" = "NONE"
    Info (12134): Parameter "outdata_reg_b" = "UNREGISTERED"
    Info (12134): Parameter "power_up_uninitialized" = "FALSE"
    Info (12134): Parameter "widthad_a" = "11"
    Info (12134): Parameter "widthad_b" = "11"
    Info (12134): Parameter "width_a" = "8"
    Info (12134): Parameter "width_b" = "8"
    Info (12134): Parameter "width_byteena_a" = "1"
Info (12021): Found 1 design units, including 1 entities, in source file db/altsyncram_obk1.tdf
    Info (12023): Found entity 1: altsyncram_obk1 File: C:/Users/Administrator/Desktop/github_code/Planof2019_half/Course_Project/FPGA/class12_RTL8201_MII_MAC/db/altsyncram_obk1.tdf Line: 27
Info (12128): Elaborating entity "altsyncram_obk1" for hierarchy "RTL8201_MII_MAC:RTL8201_MII_MAC1|RTL8201_RAM:RTL8201_RAM1|altsyncram:altsyncram_component|altsyncram_obk1:auto_generated" File: c:/intelfpga/18.1/quartus/libraries/megafunctions/altsyncram.tdf Line: 791
Info (12128): Elaborating entity "is_crc32_8bit" for hierarchy "RTL8201_MII_MAC:RTL8201_MII_MAC1|is_crc32_8bit:is_crc32_8bit1" File: C:/Users/Administrator/Desktop/github_code/Planof2019_half/Course_Project/FPGA/class12_RTL8201_MII_MAC/module/RTL8201_MII_MAC.v Line: 58
Info (286030): Timing-Driven Synthesis is running
Info (144001): Generated suppressed messages file C:/Users/Administrator/Desktop/github_code/Planof2019_half/Course_Project/FPGA/class12_RTL8201_MII_MAC/output_files/Ethernet.map.smsg
Info (16010): Generating hard_block partition "hard_block:auto_generated_inst"
    Info (16011): Adding 0 node(s), including 0 DDIO, 0 PLL, 0 transceiver and 0 LCELL
Info (21057): Implemented 308 device resources after synthesis - the final resource count might be different
    Info (21058): Implemented 3 input pins
    Info (21059): Implemented 6 output pins
    Info (21061): Implemented 291 logic cells
    Info (21064): Implemented 8 RAM segments
Info: Quartus Prime Analysis & Synthesis was successful. 0 errors, 3 warnings
    Info: Peak virtual memory: 4864 megabytes
    Info: Processing ended: Tue Dec 11 05:21:16 2018
    Info: Elapsed time: 00:00:12
    Info: Total CPU time (on all processors): 00:00:24


+------------------------------------------+
; Analysis & Synthesis Suppressed Messages ;
+------------------------------------------+
The suppressed messages can be found in C:/Users/Administrator/Desktop/github_code/Planof2019_half/Course_Project/FPGA/class12_RTL8201_MII_MAC/output_files/Ethernet.map.smsg.


