Analysis & Synthesis report for ROM
Mon Nov 19 12:47:55 2018
Quartus Prime Version 18.0.0 Build 614 04/24/2018 SJ Lite Edition


---------------------
; Table of Contents ;
---------------------
  1. Legal Notice
  2. Analysis & Synthesis Summary
  3. Analysis & Synthesis Settings
  4. Parallel Compilation
  5. Analysis & Synthesis Source Files Read
  6. Analysis & Synthesis Resource Usage Summary
  7. Analysis & Synthesis Resource Utilization by Entity
  8. Analysis & Synthesis RAM Summary
  9. Analysis & Synthesis IP Cores Summary
 10. State Machine - |top|BCDDisplay:BCDDisplay1|device_74hc595:device_74hc595_01|flag
 11. Registers Removed During Synthesis
 12. General Register Statistics
 13. Inverted Register Statistics
 14. Multiplexer Restructuring Statistics (Restructuring Performed)
 15. Source assignments for rom:rom1|altsyncram:altsyncram_component|altsyncram_ml91:auto_generated
 16. Parameter Settings for User Entity Instance: rom:rom1|altsyncram:altsyncram_component
 17. altsyncram Parameter Settings by Entity Instance
 18. Port Connectivity Checks: "BCDDisplay:BCDDisplay1|BCDdecoder:BCDdecoder_01"
 19. Post-Synthesis Netlist Statistics for Top Partition
 20. Elapsed Time Per Partition
 21. Analysis & Synthesis Messages



----------------
; Legal Notice ;
----------------
Copyright (C) 2018  Intel Corporation. All rights reserved.
Your use of Intel Corporation's design tools, logic functions 
and other software and tools, and its AMPP partner logic 
functions, and any output files from any of the foregoing 
(including device programming or simulation files), and any 
associated documentation or information are expressly subject 
to the terms and conditions of the Intel Program License 
Subscription Agreement, the Intel Quartus Prime License Agreement,
the Intel FPGA IP License Agreement, or other applicable license
agreement, including, without limitation, that your use is for
the sole purpose of programming logic devices manufactured by
Intel and sold by Intel or its authorized distributors.  Please
refer to the applicable agreement for further details.



+----------------------------------------------------------------------------------+
; Analysis & Synthesis Summary                                                     ;
+------------------------------------+---------------------------------------------+
; Analysis & Synthesis Status        ; Successful - Mon Nov 19 12:47:55 2018       ;
; Quartus Prime Version              ; 18.0.0 Build 614 04/24/2018 SJ Lite Edition ;
; Revision Name                      ; ROM                                         ;
; Top-level Entity Name              ; top                                         ;
; Family                             ; Cyclone IV E                                ;
; Total logic elements               ; 271                                         ;
;     Total combinational functions  ; 225                                         ;
;     Dedicated logic registers      ; 184                                         ;
; Total registers                    ; 184                                         ;
; Total pins                         ; 5                                           ;
; Total virtual pins                 ; 0                                           ;
; Total memory bits                  ; 256                                         ;
; Embedded Multiplier 9-bit elements ; 0                                           ;
; Total PLLs                         ; 0                                           ;
+------------------------------------+---------------------------------------------+


+------------------------------------------------------------------------------------------------------------+
; Analysis & Synthesis Settings                                                                              ;
+------------------------------------------------------------------+--------------------+--------------------+
; Option                                                           ; Setting            ; Default Value      ;
+------------------------------------------------------------------+--------------------+--------------------+
; Device                                                           ; EP4CE10F17C8       ;                    ;
; Top-level entity name                                            ; top                ; ROM                ;
; Family name                                                      ; Cyclone IV E       ; Cyclone V          ;
; Use smart compilation                                            ; Off                ; Off                ;
; Enable parallel Assembler and Timing Analyzer during compilation ; On                 ; On                 ;
; Enable compact report table                                      ; Off                ; Off                ;
; Restructure Multiplexers                                         ; Auto               ; Auto               ;
; Create Debugging Nodes for IP Cores                              ; Off                ; Off                ;
; Preserve fewer node names                                        ; On                 ; On                 ;
; Intel FPGA IP Evaluation Mode                                    ; Enable             ; Enable             ;
; Verilog Version                                                  ; Verilog_2001       ; Verilog_2001       ;
; VHDL Version                                                     ; VHDL_1993          ; VHDL_1993          ;
; State Machine Processing                                         ; Auto               ; Auto               ;
; Safe State Machine                                               ; Off                ; Off                ;
; Extract Verilog State Machines                                   ; On                 ; On                 ;
; Extract VHDL State Machines                                      ; On                 ; On                 ;
; Ignore Verilog initial constructs                                ; Off                ; Off                ;
; Iteration limit for constant Verilog loops                       ; 5000               ; 5000               ;
; Iteration limit for non-constant Verilog loops                   ; 250                ; 250                ;
; Add Pass-Through Logic to Inferred RAMs                          ; On                 ; On                 ;
; Infer RAMs from Raw Logic                                        ; On                 ; On                 ;
; Parallel Synthesis                                               ; On                 ; On                 ;
; DSP Block Balancing                                              ; Auto               ; Auto               ;
; NOT Gate Push-Back                                               ; On                 ; On                 ;
; Power-Up Don't Care                                              ; On                 ; On                 ;
; Remove Redundant Logic Cells                                     ; Off                ; Off                ;
; Remove Duplicate Registers                                       ; On                 ; On                 ;
; Ignore CARRY Buffers                                             ; Off                ; Off                ;
; Ignore CASCADE Buffers                                           ; Off                ; Off                ;
; Ignore GLOBAL Buffers                                            ; Off                ; Off                ;
; Ignore ROW GLOBAL Buffers                                        ; Off                ; Off                ;
; Ignore LCELL Buffers                                             ; Off                ; Off                ;
; Ignore SOFT Buffers                                              ; On                 ; On                 ;
; Limit AHDL Integers to 32 Bits                                   ; Off                ; Off                ;
; Optimization Technique                                           ; Balanced           ; Balanced           ;
; Carry Chain Length                                               ; 70                 ; 70                 ;
; Auto Carry Chains                                                ; On                 ; On                 ;
; Auto Open-Drain Pins                                             ; On                 ; On                 ;
; Perform WYSIWYG Primitive Resynthesis                            ; Off                ; Off                ;
; Auto ROM Replacement                                             ; On                 ; On                 ;
; Auto RAM Replacement                                             ; On                 ; On                 ;
; Auto DSP Block Replacement                                       ; On                 ; On                 ;
; Auto Shift Register Replacement                                  ; Auto               ; Auto               ;
; Allow Shift Register Merging across Hierarchies                  ; Auto               ; Auto               ;
; Auto Clock Enable Replacement                                    ; On                 ; On                 ;
; Strict RAM Replacement                                           ; Off                ; Off                ;
; Allow Synchronous Control Signals                                ; On                 ; On                 ;
; Force Use of Synchronous Clear Signals                           ; Off                ; Off                ;
; Auto RAM Block Balancing                                         ; On                 ; On                 ;
; Auto RAM to Logic Cell Conversion                                ; Off                ; Off                ;
; Auto Resource Sharing                                            ; Off                ; Off                ;
; Allow Any RAM Size For Recognition                               ; Off                ; Off                ;
; Allow Any ROM Size For Recognition                               ; Off                ; Off                ;
; Allow Any Shift Register Size For Recognition                    ; Off                ; Off                ;
; Use LogicLock Constraints during Resource Balancing              ; On                 ; On                 ;
; Ignore translate_off and synthesis_off directives                ; Off                ; Off                ;
; Timing-Driven Synthesis                                          ; On                 ; On                 ;
; Report Parameter Settings                                        ; On                 ; On                 ;
; Report Source Assignments                                        ; On                 ; On                 ;
; Report Connectivity Checks                                       ; On                 ; On                 ;
; Ignore Maximum Fan-Out Assignments                               ; Off                ; Off                ;
; Synchronization Register Chain Length                            ; 2                  ; 2                  ;
; Power Optimization During Synthesis                              ; Normal compilation ; Normal compilation ;
; HDL message level                                                ; Level2             ; Level2             ;
; Suppress Register Optimization Related Messages                  ; Off                ; Off                ;
; Number of Removed Registers Reported in Synthesis Report         ; 5000               ; 5000               ;
; Number of Swept Nodes Reported in Synthesis Report               ; 5000               ; 5000               ;
; Number of Inverted Registers Reported in Synthesis Report        ; 100                ; 100                ;
; Clock MUX Protection                                             ; On                 ; On                 ;
; Auto Gated Clock Conversion                                      ; Off                ; Off                ;
; Block Design Naming                                              ; Auto               ; Auto               ;
; SDC constraint protection                                        ; Off                ; Off                ;
; Synthesis Effort                                                 ; Auto               ; Auto               ;
; Shift Register Replacement - Allow Asynchronous Clear Signal     ; On                 ; On                 ;
; Pre-Mapping Resynthesis Optimization                             ; Off                ; Off                ;
; Analysis & Synthesis Message Level                               ; Medium             ; Medium             ;
; Disable Register Merging Across Hierarchies                      ; Auto               ; Auto               ;
; Resource Aware Inference For Block RAM                           ; On                 ; On                 ;
+------------------------------------------------------------------+--------------------+--------------------+


+------------------------------------------+
; Parallel Compilation                     ;
+----------------------------+-------------+
; Processors                 ; Number      ;
+----------------------------+-------------+
; Number detected on machine ; 8           ;
; Maximum allowed            ; 4           ;
;                            ;             ;
; Average used               ; 1.00        ;
; Maximum used               ; 4           ;
;                            ;             ;
; Usage by Processor         ; % Time Used ;
;     Processor 1            ; 100.0%      ;
;     Processor 2            ;   0.0%      ;
;     Processors 3-4         ;   0.0%      ;
+----------------------------+-------------+


+------------------------------------------------------------------------------------------------------------------------------------------------------------------------------------------------------------------+
; Analysis & Synthesis Source Files Read                                                                                                                                                                           ;
+----------------------------------+-----------------+----------------------------------+----------------------------------------------------------------------------------------------------------------+---------+
; File Name with User-Entered Path ; Used in Netlist ; File Type                        ; File Name with Absolute Path                                                                                   ; Library ;
+----------------------------------+-----------------+----------------------------------+----------------------------------------------------------------------------------------------------------------+---------+
; module/frequencydivider.v        ; yes             ; User Verilog HDL File            ; C:/Users/82312/Desktop/GitTEST/Planof2019_half/Course_Project/FPGA/class05_onchipROM/module/frequencydivider.v ;         ;
; module/device_74hc595.v          ; yes             ; User Verilog HDL File            ; C:/Users/82312/Desktop/GitTEST/Planof2019_half/Course_Project/FPGA/class05_onchipROM/module/device_74hc595.v   ;         ;
; module/BCDDisplay.v              ; yes             ; User Verilog HDL File            ; C:/Users/82312/Desktop/GitTEST/Planof2019_half/Course_Project/FPGA/class05_onchipROM/module/BCDDisplay.v       ;         ;
; module/BCDdecoder.v              ; yes             ; User Verilog HDL File            ; C:/Users/82312/Desktop/GitTEST/Planof2019_half/Course_Project/FPGA/class05_onchipROM/module/BCDdecoder.v       ;         ;
; memory/ROM.mif                   ; yes             ; User Memory Initialization File  ; C:/Users/82312/Desktop/GitTEST/Planof2019_half/Course_Project/FPGA/class05_onchipROM/memory/ROM.mif            ;         ;
; module/rom.v                     ; yes             ; User Wizard-Generated File       ; C:/Users/82312/Desktop/GitTEST/Planof2019_half/Course_Project/FPGA/class05_onchipROM/module/rom.v              ;         ;
; module/top.v                     ; yes             ; User Verilog HDL File            ; C:/Users/82312/Desktop/GitTEST/Planof2019_half/Course_Project/FPGA/class05_onchipROM/module/top.v              ;         ;
; altsyncram.tdf                   ; yes             ; Megafunction                     ; c:/intelfpga_lite/18.0/quartus/libraries/megafunctions/altsyncram.tdf                                          ;         ;
; stratix_ram_block.inc            ; yes             ; Megafunction                     ; c:/intelfpga_lite/18.0/quartus/libraries/megafunctions/stratix_ram_block.inc                                   ;         ;
; lpm_mux.inc                      ; yes             ; Megafunction                     ; c:/intelfpga_lite/18.0/quartus/libraries/megafunctions/lpm_mux.inc                                             ;         ;
; lpm_decode.inc                   ; yes             ; Megafunction                     ; c:/intelfpga_lite/18.0/quartus/libraries/megafunctions/lpm_decode.inc                                          ;         ;
; aglobal180.inc                   ; yes             ; Megafunction                     ; c:/intelfpga_lite/18.0/quartus/libraries/megafunctions/aglobal180.inc                                          ;         ;
; a_rdenreg.inc                    ; yes             ; Megafunction                     ; c:/intelfpga_lite/18.0/quartus/libraries/megafunctions/a_rdenreg.inc                                           ;         ;
; altrom.inc                       ; yes             ; Megafunction                     ; c:/intelfpga_lite/18.0/quartus/libraries/megafunctions/altrom.inc                                              ;         ;
; altram.inc                       ; yes             ; Megafunction                     ; c:/intelfpga_lite/18.0/quartus/libraries/megafunctions/altram.inc                                              ;         ;
; altdpram.inc                     ; yes             ; Megafunction                     ; c:/intelfpga_lite/18.0/quartus/libraries/megafunctions/altdpram.inc                                            ;         ;
; db/altsyncram_ml91.tdf           ; yes             ; Auto-Generated Megafunction      ; C:/Users/82312/Desktop/GitTEST/Planof2019_half/Course_Project/FPGA/class05_onchipROM/db/altsyncram_ml91.tdf    ;         ;
+----------------------------------+-----------------+----------------------------------+----------------------------------------------------------------------------------------------------------------+---------+


+---------------------------------------------------------+
; Analysis & Synthesis Resource Usage Summary             ;
+---------------------------------------------+-----------+
; Resource                                    ; Usage     ;
+---------------------------------------------+-----------+
; Estimated Total logic elements              ; 271       ;
;                                             ;           ;
; Total combinational functions               ; 225       ;
; Logic element usage by number of LUT inputs ;           ;
;     -- 4 input functions                    ; 77        ;
;     -- 3 input functions                    ; 24        ;
;     -- <=2 input functions                  ; 124       ;
;                                             ;           ;
; Logic elements by mode                      ;           ;
;     -- normal mode                          ; 123       ;
;     -- arithmetic mode                      ; 102       ;
;                                             ;           ;
; Total registers                             ; 184       ;
;     -- Dedicated logic registers            ; 184       ;
;     -- I/O registers                        ; 0         ;
;                                             ;           ;
; I/O pins                                    ; 5         ;
; Total memory bits                           ; 256       ;
;                                             ;           ;
; Embedded Multiplier 9-bit elements          ; 0         ;
;                                             ;           ;
; Maximum fan-out node                        ; rst~input ;
; Maximum fan-out                             ; 184       ;
; Total fan-out                               ; 1351      ;
; Average fan-out                             ; 3.00      ;
+---------------------------------------------+-----------+


+------------------------------------------------------------------------------------------------------------------------------------------------------------------------------------------------------------------------------------------------------------------------------------------+
; Analysis & Synthesis Resource Utilization by Entity                                                                                                                                                                                                                                      ;
+----------------------------------------------+---------------------+---------------------------+-------------+--------------+---------+-----------+------+--------------+------------------------------------------------------------------------------+------------------+--------------+
; Compilation Hierarchy Node                   ; Combinational ALUTs ; Dedicated Logic Registers ; Memory Bits ; DSP Elements ; DSP 9x9 ; DSP 18x18 ; Pins ; Virtual Pins ; Full Hierarchy Name                                                          ; Entity Name      ; Library Name ;
+----------------------------------------------+---------------------+---------------------------+-------------+--------------+---------+-----------+------+--------------+------------------------------------------------------------------------------+------------------+--------------+
; |top                                         ; 225 (3)             ; 184 (3)                   ; 256         ; 0            ; 0       ; 0         ; 5    ; 0            ; |top                                                                         ; top              ; work         ;
;    |BCDDisplay:BCDDisplay1|                  ; 121 (35)            ; 114 (53)                  ; 0           ; 0            ; 0       ; 0         ; 0    ; 0            ; |top|BCDDisplay:BCDDisplay1                                                  ; BCDDisplay       ; work         ;
;       |BCDdecoder:BCDdecoder_01|             ; 7 (7)               ; 0 (0)                     ; 0           ; 0            ; 0       ; 0         ; 0    ; 0            ; |top|BCDDisplay:BCDDisplay1|BCDdecoder:BCDdecoder_01                         ; BCDdecoder       ; work         ;
;       |device_74hc595:device_74hc595_01|     ; 28 (28)             ; 28 (28)                   ; 0           ; 0            ; 0       ; 0         ; 0    ; 0            ; |top|BCDDisplay:BCDDisplay1|device_74hc595:device_74hc595_01                 ; device_74hc595   ; work         ;
;       |frequencydivider:frequencydivider_01| ; 51 (51)             ; 33 (33)                   ; 0           ; 0            ; 0       ; 0         ; 0    ; 0            ; |top|BCDDisplay:BCDDisplay1|frequencydivider:frequencydivider_01             ; frequencydivider ; work         ;
;    |frequencydivider:frequencydivider1|      ; 1 (1)               ; 1 (1)                     ; 0           ; 0            ; 0       ; 0         ; 0    ; 0            ; |top|frequencydivider:frequencydivider1                                      ; frequencydivider ; work         ;
;    |frequencydivider:frequencydivider2|      ; 50 (50)             ; 33 (33)                   ; 0           ; 0            ; 0       ; 0         ; 0    ; 0            ; |top|frequencydivider:frequencydivider2                                      ; frequencydivider ; work         ;
;    |frequencydivider:frequencydivider3|      ; 50 (50)             ; 33 (33)                   ; 0           ; 0            ; 0       ; 0         ; 0    ; 0            ; |top|frequencydivider:frequencydivider3                                      ; frequencydivider ; work         ;
;    |rom:rom1|                                ; 0 (0)               ; 0 (0)                     ; 256         ; 0            ; 0       ; 0         ; 0    ; 0            ; |top|rom:rom1                                                                ; rom              ; work         ;
;       |altsyncram:altsyncram_component|      ; 0 (0)               ; 0 (0)                     ; 256         ; 0            ; 0       ; 0         ; 0    ; 0            ; |top|rom:rom1|altsyncram:altsyncram_component                                ; altsyncram       ; work         ;
;          |altsyncram_ml91:auto_generated|    ; 0 (0)               ; 0 (0)                     ; 256         ; 0            ; 0       ; 0         ; 0    ; 0            ; |top|rom:rom1|altsyncram:altsyncram_component|altsyncram_ml91:auto_generated ; altsyncram_ml91  ; work         ;
+----------------------------------------------+---------------------+---------------------------+-------------+--------------+---------+-----------+------+--------------+------------------------------------------------------------------------------+------------------+--------------+
Note: For table entries with two numbers listed, the numbers in parentheses indicate the number of resources of the given type used by the specific entity alone. The numbers listed outside of parentheses indicate the total resources of the given type used by the specific entity and all of its sub-entities in the hierarchy.


+----------------------------------------------------------------------------------------------------------------------------------------------------------------------------------------+
; Analysis & Synthesis RAM Summary                                                                                                                                                       ;
+------------------------------------------------------------------------------------+------+------+--------------+--------------+--------------+--------------+------+------------------+
; Name                                                                               ; Type ; Mode ; Port A Depth ; Port A Width ; Port B Depth ; Port B Width ; Size ; MIF              ;
+------------------------------------------------------------------------------------+------+------+--------------+--------------+--------------+--------------+------+------------------+
; rom:rom1|altsyncram:altsyncram_component|altsyncram_ml91:auto_generated|ALTSYNCRAM ; AUTO ; ROM  ; 8            ; 32           ; --           ; --           ; 256  ; ./memory/ROM.mif ;
+------------------------------------------------------------------------------------+------+------+--------------+--------------+--------------+--------------+------+------------------+


+---------------------------------------------------------------------------------------------------+
; Analysis & Synthesis IP Cores Summary                                                             ;
+--------+--------------+---------+--------------+--------------+-----------------+-----------------+
; Vendor ; IP Core Name ; Version ; Release Date ; License Type ; Entity Instance ; IP Include File ;
+--------+--------------+---------+--------------+--------------+-----------------+-----------------+
; Altera ; ROM: 1-PORT  ; 18.0    ; N/A          ; N/A          ; |top|rom:rom1   ; module/rom.v    ;
+--------+--------------+---------+--------------+--------------+-----------------+-----------------+


Encoding Type:  One-Hot
+--------------------------------------------------------------------------------------------+
; State Machine - |top|BCDDisplay:BCDDisplay1|device_74hc595:device_74hc595_01|flag          ;
+------------------+------------------+-----------------+------------------+-----------------+
; Name             ; flag.LOCK1_STATE ; flag.SEND_STATE ; flag.LOCK0_STATE ; flag.IDLE_STATE ;
+------------------+------------------+-----------------+------------------+-----------------+
; flag.IDLE_STATE  ; 0                ; 0               ; 0                ; 0               ;
; flag.LOCK0_STATE ; 0                ; 0               ; 1                ; 1               ;
; flag.SEND_STATE  ; 0                ; 1               ; 0                ; 1               ;
; flag.LOCK1_STATE ; 1                ; 0               ; 0                ; 1               ;
+------------------+------------------+-----------------+------------------+-----------------+


+-----------------------------------------------------------------------------------------------------------------------------------------------------------+
; Registers Removed During Synthesis                                                                                                                        ;
+-------------------------------------------------------------------------+---------------------------------------------------------------------------------+
; Register name                                                           ; Reason for Removal                                                              ;
+-------------------------------------------------------------------------+---------------------------------------------------------------------------------+
; BCDDisplay:BCDDisplay1|cnt[0,1]                                         ; Stuck at GND due to stuck port data_in                                          ;
; BCDDisplay:BCDDisplay1|device_74hc595:device_74hc595_01|data_buffer[15] ; Stuck at GND due to stuck port data_in                                          ;
; frequencydivider:frequencydivider1|cnt[8]                               ; Merged with BCDDisplay:BCDDisplay1|frequencydivider:frequencydivider_01|cnt[8]  ;
; frequencydivider:frequencydivider1|cnt[7]                               ; Merged with BCDDisplay:BCDDisplay1|frequencydivider:frequencydivider_01|cnt[7]  ;
; frequencydivider:frequencydivider1|cnt[6]                               ; Merged with BCDDisplay:BCDDisplay1|frequencydivider:frequencydivider_01|cnt[6]  ;
; frequencydivider:frequencydivider1|cnt[5]                               ; Merged with BCDDisplay:BCDDisplay1|frequencydivider:frequencydivider_01|cnt[5]  ;
; frequencydivider:frequencydivider1|cnt[4]                               ; Merged with BCDDisplay:BCDDisplay1|frequencydivider:frequencydivider_01|cnt[4]  ;
; frequencydivider:frequencydivider1|cnt[2]                               ; Merged with BCDDisplay:BCDDisplay1|frequencydivider:frequencydivider_01|cnt[2]  ;
; frequencydivider:frequencydivider1|cnt[31]                              ; Merged with BCDDisplay:BCDDisplay1|frequencydivider:frequencydivider_01|cnt[31] ;
; frequencydivider:frequencydivider1|cnt[30]                              ; Merged with BCDDisplay:BCDDisplay1|frequencydivider:frequencydivider_01|cnt[30] ;
; frequencydivider:frequencydivider1|cnt[29]                              ; Merged with BCDDisplay:BCDDisplay1|frequencydivider:frequencydivider_01|cnt[29] ;
; frequencydivider:frequencydivider1|cnt[28]                              ; Merged with BCDDisplay:BCDDisplay1|frequencydivider:frequencydivider_01|cnt[28] ;
; frequencydivider:frequencydivider1|cnt[27]                              ; Merged with BCDDisplay:BCDDisplay1|frequencydivider:frequencydivider_01|cnt[27] ;
; frequencydivider:frequencydivider1|cnt[26]                              ; Merged with BCDDisplay:BCDDisplay1|frequencydivider:frequencydivider_01|cnt[26] ;
; frequencydivider:frequencydivider1|cnt[25]                              ; Merged with BCDDisplay:BCDDisplay1|frequencydivider:frequencydivider_01|cnt[25] ;
; frequencydivider:frequencydivider1|cnt[24]                              ; Merged with BCDDisplay:BCDDisplay1|frequencydivider:frequencydivider_01|cnt[24] ;
; frequencydivider:frequencydivider1|cnt[23]                              ; Merged with BCDDisplay:BCDDisplay1|frequencydivider:frequencydivider_01|cnt[23] ;
; frequencydivider:frequencydivider1|cnt[22]                              ; Merged with BCDDisplay:BCDDisplay1|frequencydivider:frequencydivider_01|cnt[22] ;
; frequencydivider:frequencydivider1|cnt[21]                              ; Merged with BCDDisplay:BCDDisplay1|frequencydivider:frequencydivider_01|cnt[21] ;
; frequencydivider:frequencydivider1|cnt[20]                              ; Merged with BCDDisplay:BCDDisplay1|frequencydivider:frequencydivider_01|cnt[20] ;
; frequencydivider:frequencydivider1|cnt[19]                              ; Merged with BCDDisplay:BCDDisplay1|frequencydivider:frequencydivider_01|cnt[19] ;
; frequencydivider:frequencydivider1|cnt[18]                              ; Merged with BCDDisplay:BCDDisplay1|frequencydivider:frequencydivider_01|cnt[18] ;
; frequencydivider:frequencydivider1|cnt[17]                              ; Merged with BCDDisplay:BCDDisplay1|frequencydivider:frequencydivider_01|cnt[17] ;
; frequencydivider:frequencydivider1|cnt[16]                              ; Merged with BCDDisplay:BCDDisplay1|frequencydivider:frequencydivider_01|cnt[16] ;
; frequencydivider:frequencydivider1|cnt[15]                              ; Merged with BCDDisplay:BCDDisplay1|frequencydivider:frequencydivider_01|cnt[15] ;
; frequencydivider:frequencydivider1|cnt[14]                              ; Merged with BCDDisplay:BCDDisplay1|frequencydivider:frequencydivider_01|cnt[14] ;
; frequencydivider:frequencydivider1|cnt[13]                              ; Merged with BCDDisplay:BCDDisplay1|frequencydivider:frequencydivider_01|cnt[13] ;
; frequencydivider:frequencydivider1|cnt[12]                              ; Merged with BCDDisplay:BCDDisplay1|frequencydivider:frequencydivider_01|cnt[12] ;
; frequencydivider:frequencydivider1|cnt[11]                              ; Merged with BCDDisplay:BCDDisplay1|frequencydivider:frequencydivider_01|cnt[11] ;
; frequencydivider:frequencydivider1|cnt[10]                              ; Merged with BCDDisplay:BCDDisplay1|frequencydivider:frequencydivider_01|cnt[10] ;
; frequencydivider:frequencydivider1|cnt[9]                               ; Merged with BCDDisplay:BCDDisplay1|frequencydivider:frequencydivider_01|cnt[9]  ;
; frequencydivider:frequencydivider1|cnt[3]                               ; Merged with BCDDisplay:BCDDisplay1|frequencydivider:frequencydivider_01|cnt[3]  ;
; frequencydivider:frequencydivider1|cnt[1]                               ; Merged with BCDDisplay:BCDDisplay1|frequencydivider:frequencydivider_01|cnt[1]  ;
; frequencydivider:frequencydivider1|cnt[0]                               ; Merged with BCDDisplay:BCDDisplay1|frequencydivider:frequencydivider_01|cnt[0]  ;
; BCDDisplay:BCDDisplay1|device_74hc595:device_74hc595_01|flag~8          ; Lost fanout                                                                     ;
; BCDDisplay:BCDDisplay1|device_74hc595:device_74hc595_01|flag~9          ; Lost fanout                                                                     ;
; Total Number of Removed Registers = 37                                  ;                                                                                 ;
+-------------------------------------------------------------------------+---------------------------------------------------------------------------------+


+------------------------------------------------------+
; General Register Statistics                          ;
+----------------------------------------------+-------+
; Statistic                                    ; Value ;
+----------------------------------------------+-------+
; Total registers                              ; 184   ;
; Number of registers using Synchronous Clear  ; 6     ;
; Number of registers using Synchronous Load   ; 0     ;
; Number of registers using Asynchronous Clear ; 184   ;
; Number of registers using Asynchronous Load  ; 0     ;
; Number of registers using Clock Enable       ; 39    ;
; Number of registers using Preset             ; 0     ;
+----------------------------------------------+-------+


+--------------------------------------------------------------------------+
; Inverted Register Statistics                                             ;
+----------------------------------------------------------------+---------+
; Inverted Register                                              ; Fan out ;
+----------------------------------------------------------------+---------+
; BCDDisplay:BCDDisplay1|device_74hc595:device_74hc595_01|clk595 ; 5       ;
; BCDDisplay:BCDDisplay1|selecter[0]                             ; 3       ;
; BCDDisplay:BCDDisplay1|flag                                    ; 21      ;
; BCDDisplay:BCDDisplay1|cnt[2]                                  ; 15      ;
; Total number of inverted registers = 4                         ;         ;
+----------------------------------------------------------------+---------+


+----------------------------------------------------------------------------------------------------------------------------------------------------------------------------------------+
; Multiplexer Restructuring Statistics (Restructuring Performed)                                                                                                                         ;
+--------------------+-----------+---------------+----------------------+------------------------+------------+--------------------------------------------------------------------------+
; Multiplexer Inputs ; Bus Width ; Baseline Area ; Area if Restructured ; Saving if Restructured ; Registered ; Example Multiplexer Output                                               ;
+--------------------+-----------+---------------+----------------------+------------------------+------------+--------------------------------------------------------------------------+
; 5:1                ; 5 bits    ; 15 LEs        ; 5 LEs                ; 10 LEs                 ; Yes        ; |top|BCDDisplay:BCDDisplay1|device_74hc595:device_74hc595_01|send_cnt[3] ;
; 9:1                ; 4 bits    ; 24 LEs        ; 24 LEs               ; 0 LEs                  ; Yes        ; |top|BCDDisplay:BCDDisplay1|srcdata[0]                                   ;
; 6:1                ; 2 bits    ; 8 LEs         ; 4 LEs                ; 4 LEs                  ; No         ; |top|BCDDisplay:BCDDisplay1|device_74hc595:device_74hc595_01|Selector3   ;
+--------------------+-----------+---------------+----------------------+------------------------+------------+--------------------------------------------------------------------------+


+------------------------------------------------------------------------------------------------+
; Source assignments for rom:rom1|altsyncram:altsyncram_component|altsyncram_ml91:auto_generated ;
+---------------------------------+--------------------+------+----------------------------------+
; Assignment                      ; Value              ; From ; To                               ;
+---------------------------------+--------------------+------+----------------------------------+
; OPTIMIZE_POWER_DURING_SYNTHESIS ; NORMAL_COMPILATION ; -    ; -                                ;
+---------------------------------+--------------------+------+----------------------------------+


+---------------------------------------------------------------------------------------+
; Parameter Settings for User Entity Instance: rom:rom1|altsyncram:altsyncram_component ;
+------------------------------------+----------------------+---------------------------+
; Parameter Name                     ; Value                ; Type                      ;
+------------------------------------+----------------------+---------------------------+
; BYTE_SIZE_BLOCK                    ; 8                    ; Untyped                   ;
; AUTO_CARRY_CHAINS                  ; ON                   ; AUTO_CARRY                ;
; IGNORE_CARRY_BUFFERS               ; OFF                  ; IGNORE_CARRY              ;
; AUTO_CASCADE_CHAINS                ; ON                   ; AUTO_CASCADE              ;
; IGNORE_CASCADE_BUFFERS             ; OFF                  ; IGNORE_CASCADE            ;
; WIDTH_BYTEENA                      ; 1                    ; Untyped                   ;
; OPERATION_MODE                     ; ROM                  ; Untyped                   ;
; WIDTH_A                            ; 32                   ; Signed Integer            ;
; WIDTHAD_A                          ; 3                    ; Signed Integer            ;
; NUMWORDS_A                         ; 8                    ; Signed Integer            ;
; OUTDATA_REG_A                      ; CLOCK0               ; Untyped                   ;
; ADDRESS_ACLR_A                     ; NONE                 ; Untyped                   ;
; OUTDATA_ACLR_A                     ; NONE                 ; Untyped                   ;
; WRCONTROL_ACLR_A                   ; NONE                 ; Untyped                   ;
; INDATA_ACLR_A                      ; NONE                 ; Untyped                   ;
; BYTEENA_ACLR_A                     ; NONE                 ; Untyped                   ;
; WIDTH_B                            ; 1                    ; Untyped                   ;
; WIDTHAD_B                          ; 1                    ; Untyped                   ;
; NUMWORDS_B                         ; 1                    ; Untyped                   ;
; INDATA_REG_B                       ; CLOCK1               ; Untyped                   ;
; WRCONTROL_WRADDRESS_REG_B          ; CLOCK1               ; Untyped                   ;
; RDCONTROL_REG_B                    ; CLOCK1               ; Untyped                   ;
; ADDRESS_REG_B                      ; CLOCK1               ; Untyped                   ;
; OUTDATA_REG_B                      ; UNREGISTERED         ; Untyped                   ;
; BYTEENA_REG_B                      ; CLOCK1               ; Untyped                   ;
; INDATA_ACLR_B                      ; NONE                 ; Untyped                   ;
; WRCONTROL_ACLR_B                   ; NONE                 ; Untyped                   ;
; ADDRESS_ACLR_B                     ; NONE                 ; Untyped                   ;
; OUTDATA_ACLR_B                     ; NONE                 ; Untyped                   ;
; RDCONTROL_ACLR_B                   ; NONE                 ; Untyped                   ;
; BYTEENA_ACLR_B                     ; NONE                 ; Untyped                   ;
; WIDTH_BYTEENA_A                    ; 1                    ; Signed Integer            ;
; WIDTH_BYTEENA_B                    ; 1                    ; Untyped                   ;
; RAM_BLOCK_TYPE                     ; AUTO                 ; Untyped                   ;
; BYTE_SIZE                          ; 8                    ; Untyped                   ;
; READ_DURING_WRITE_MODE_MIXED_PORTS ; DONT_CARE            ; Untyped                   ;
; READ_DURING_WRITE_MODE_PORT_A      ; NEW_DATA_NO_NBE_READ ; Untyped                   ;
; READ_DURING_WRITE_MODE_PORT_B      ; NEW_DATA_NO_NBE_READ ; Untyped                   ;
; INIT_FILE                          ; ./memory/ROM.mif     ; Untyped                   ;
; INIT_FILE_LAYOUT                   ; PORT_A               ; Untyped                   ;
; MAXIMUM_DEPTH                      ; 0                    ; Untyped                   ;
; CLOCK_ENABLE_INPUT_A               ; BYPASS               ; Untyped                   ;
; CLOCK_ENABLE_INPUT_B               ; NORMAL               ; Untyped                   ;
; CLOCK_ENABLE_OUTPUT_A              ; BYPASS               ; Untyped                   ;
; CLOCK_ENABLE_OUTPUT_B              ; NORMAL               ; Untyped                   ;
; CLOCK_ENABLE_CORE_A                ; USE_INPUT_CLKEN      ; Untyped                   ;
; CLOCK_ENABLE_CORE_B                ; USE_INPUT_CLKEN      ; Untyped                   ;
; ENABLE_ECC                         ; FALSE                ; Untyped                   ;
; ECC_PIPELINE_STAGE_ENABLED         ; FALSE                ; Untyped                   ;
; WIDTH_ECCSTATUS                    ; 3                    ; Untyped                   ;
; DEVICE_FAMILY                      ; Cyclone IV E         ; Untyped                   ;
; CBXI_PARAMETER                     ; altsyncram_ml91      ; Untyped                   ;
+------------------------------------+----------------------+---------------------------+
Note: In order to hide this table in the UI and the text report file, please set the "Show Parameter Settings in Synthesis Report" option in "Analysis and Synthesis Settings -> More Settings" to "Off".


+--------------------------------------------------------------------------------------+
; altsyncram Parameter Settings by Entity Instance                                     ;
+-------------------------------------------+------------------------------------------+
; Name                                      ; Value                                    ;
+-------------------------------------------+------------------------------------------+
; Number of entity instances                ; 1                                        ;
; Entity Instance                           ; rom:rom1|altsyncram:altsyncram_component ;
;     -- OPERATION_MODE                     ; ROM                                      ;
;     -- WIDTH_A                            ; 32                                       ;
;     -- NUMWORDS_A                         ; 8                                        ;
;     -- OUTDATA_REG_A                      ; CLOCK0                                   ;
;     -- WIDTH_B                            ; 1                                        ;
;     -- NUMWORDS_B                         ; 1                                        ;
;     -- ADDRESS_REG_B                      ; CLOCK1                                   ;
;     -- OUTDATA_REG_B                      ; UNREGISTERED                             ;
;     -- RAM_BLOCK_TYPE                     ; AUTO                                     ;
;     -- READ_DURING_WRITE_MODE_MIXED_PORTS ; DONT_CARE                                ;
+-------------------------------------------+------------------------------------------+


+------------------------------------------------------------------------------------------------------------------------------------------------------------------------------------------------------------+
; Port Connectivity Checks: "BCDDisplay:BCDDisplay1|BCDdecoder:BCDdecoder_01"                                                                                                                                ;
+------+-------+----------+----------------------------------------------------------------------------------------------------------------------------------------------------------------------------------+
; Port ; Type  ; Severity ; Details                                                                                                                                                                          ;
+------+-------+----------+----------------------------------------------------------------------------------------------------------------------------------------------------------------------------------+
; data ; Input ; Warning  ; Input port expression (8 bits) is wider than the input port (4 bits) it drives.  The 4 most-significant bit(s) in the expression will be dangling if they have no other fanouts. ;
+------+-------+----------+----------------------------------------------------------------------------------------------------------------------------------------------------------------------------------+


+-----------------------------------------------------+
; Post-Synthesis Netlist Statistics for Top Partition ;
+-----------------------+-----------------------------+
; Type                  ; Count                       ;
+-----------------------+-----------------------------+
; boundary_port         ; 5                           ;
; cycloneiii_ff         ; 184                         ;
;     CLR               ; 144                         ;
;     CLR SCLR          ; 1                           ;
;     ENA CLR           ; 34                          ;
;     ENA CLR SCLR      ; 5                           ;
; cycloneiii_lcell_comb ; 226                         ;
;     arith             ; 102                         ;
;         2 data inputs ; 102                         ;
;     normal            ; 124                         ;
;         1 data inputs ; 11                          ;
;         2 data inputs ; 12                          ;
;         3 data inputs ; 24                          ;
;         4 data inputs ; 77                          ;
; cycloneiii_ram_block  ; 32                          ;
;                       ;                             ;
; Max LUT depth         ; 5.00                        ;
; Average LUT depth     ; 2.83                        ;
+-----------------------+-----------------------------+


+-------------------------------+
; Elapsed Time Per Partition    ;
+----------------+--------------+
; Partition Name ; Elapsed Time ;
+----------------+--------------+
; Top            ; 00:00:00     ;
+----------------+--------------+


+-------------------------------+
; Analysis & Synthesis Messages ;
+-------------------------------+
Info: *******************************************************************
Info: Running Quartus Prime Analysis & Synthesis
    Info: Version 18.0.0 Build 614 04/24/2018 SJ Lite Edition
    Info: Processing started: Mon Nov 19 12:47:46 2018
Info: Command: quartus_map --read_settings_files=on --write_settings_files=off ROM -c ROM
Warning (18236): Number of processors has not been specified which may cause overloading on shared machines.  Set the global assignment NUM_PARALLEL_PROCESSORS in your QSF to an appropriate value for best performance.
Info (20030): Parallel compilation is enabled and will use 4 of the 4 processors detected
Info (12021): Found 1 design units, including 1 entities, in source file module/frequencydivider.v
    Info (12023): Found entity 1: frequencydivider File: C:/Users/82312/Desktop/GitTEST/Planof2019_half/Course_Project/FPGA/class05_onchipROM/module/frequencydivider.v Line: 1
Info (12021): Found 1 design units, including 1 entities, in source file module/device_74hc595.v
    Info (12023): Found entity 1: device_74hc595 File: C:/Users/82312/Desktop/GitTEST/Planof2019_half/Course_Project/FPGA/class05_onchipROM/module/device_74hc595.v Line: 1
Info (12021): Found 1 design units, including 1 entities, in source file module/bcddisplay.v
    Info (12023): Found entity 1: BCDDisplay File: C:/Users/82312/Desktop/GitTEST/Planof2019_half/Course_Project/FPGA/class05_onchipROM/module/BCDDisplay.v Line: 1
Info (12021): Found 1 design units, including 1 entities, in source file module/bcddecoder.v
    Info (12023): Found entity 1: BCDdecoder File: C:/Users/82312/Desktop/GitTEST/Planof2019_half/Course_Project/FPGA/class05_onchipROM/module/BCDdecoder.v Line: 1
Info (12021): Found 1 design units, including 1 entities, in source file module/rom.v
    Info (12023): Found entity 1: rom File: C:/Users/82312/Desktop/GitTEST/Planof2019_half/Course_Project/FPGA/class05_onchipROM/module/rom.v Line: 39
Info (12021): Found 1 design units, including 1 entities, in source file module/top.v
    Info (12023): Found entity 1: top File: C:/Users/82312/Desktop/GitTEST/Planof2019_half/Course_Project/FPGA/class05_onchipROM/module/top.v Line: 1
Info (12127): Elaborating entity "top" for the top level hierarchy
Info (12128): Elaborating entity "frequencydivider" for hierarchy "frequencydivider:frequencydivider1" File: C:/Users/82312/Desktop/GitTEST/Planof2019_half/Course_Project/FPGA/class05_onchipROM/module/top.v Line: 22
Info (12128): Elaborating entity "rom" for hierarchy "rom:rom1" File: C:/Users/82312/Desktop/GitTEST/Planof2019_half/Course_Project/FPGA/class05_onchipROM/module/top.v Line: 42
Info (12128): Elaborating entity "altsyncram" for hierarchy "rom:rom1|altsyncram:altsyncram_component" File: C:/Users/82312/Desktop/GitTEST/Planof2019_half/Course_Project/FPGA/class05_onchipROM/module/rom.v Line: 81
Info (12130): Elaborated megafunction instantiation "rom:rom1|altsyncram:altsyncram_component" File: C:/Users/82312/Desktop/GitTEST/Planof2019_half/Course_Project/FPGA/class05_onchipROM/module/rom.v Line: 81
Info (12133): Instantiated megafunction "rom:rom1|altsyncram:altsyncram_component" with the following parameter: File: C:/Users/82312/Desktop/GitTEST/Planof2019_half/Course_Project/FPGA/class05_onchipROM/module/rom.v Line: 81
    Info (12134): Parameter "address_aclr_a" = "NONE"
    Info (12134): Parameter "clock_enable_input_a" = "BYPASS"
    Info (12134): Parameter "clock_enable_output_a" = "BYPASS"
    Info (12134): Parameter "init_file" = "./memory/ROM.mif"
    Info (12134): Parameter "intended_device_family" = "Cyclone IV E"
    Info (12134): Parameter "lpm_hint" = "ENABLE_RUNTIME_MOD=NO"
    Info (12134): Parameter "lpm_type" = "altsyncram"
    Info (12134): Parameter "numwords_a" = "8"
    Info (12134): Parameter "operation_mode" = "ROM"
    Info (12134): Parameter "outdata_aclr_a" = "NONE"
    Info (12134): Parameter "outdata_reg_a" = "CLOCK0"
    Info (12134): Parameter "widthad_a" = "3"
    Info (12134): Parameter "width_a" = "32"
    Info (12134): Parameter "width_byteena_a" = "1"
Info (12021): Found 1 design units, including 1 entities, in source file db/altsyncram_ml91.tdf
    Info (12023): Found entity 1: altsyncram_ml91 File: C:/Users/82312/Desktop/GitTEST/Planof2019_half/Course_Project/FPGA/class05_onchipROM/db/altsyncram_ml91.tdf Line: 27
Info (12128): Elaborating entity "altsyncram_ml91" for hierarchy "rom:rom1|altsyncram:altsyncram_component|altsyncram_ml91:auto_generated" File: c:/intelfpga_lite/18.0/quartus/libraries/megafunctions/altsyncram.tdf Line: 791
Info (12128): Elaborating entity "BCDDisplay" for hierarchy "BCDDisplay:BCDDisplay1" File: C:/Users/82312/Desktop/GitTEST/Planof2019_half/Course_Project/FPGA/class05_onchipROM/module/top.v Line: 53
Warning (10230): Verilog HDL assignment warning at BCDDisplay.v(61): truncated value with size 32 to match size of target (8) File: C:/Users/82312/Desktop/GitTEST/Planof2019_half/Course_Project/FPGA/class05_onchipROM/module/BCDDisplay.v Line: 61
Warning (10230): Verilog HDL assignment warning at BCDDisplay.v(69): truncated value with size 32 to match size of target (8) File: C:/Users/82312/Desktop/GitTEST/Planof2019_half/Course_Project/FPGA/class05_onchipROM/module/BCDDisplay.v Line: 69
Info (12128): Elaborating entity "BCDdecoder" for hierarchy "BCDDisplay:BCDDisplay1|BCDdecoder:BCDdecoder_01" File: C:/Users/82312/Desktop/GitTEST/Planof2019_half/Course_Project/FPGA/class05_onchipROM/module/BCDDisplay.v Line: 29
Info (12128): Elaborating entity "device_74hc595" for hierarchy "BCDDisplay:BCDDisplay1|device_74hc595:device_74hc595_01" File: C:/Users/82312/Desktop/GitTEST/Planof2019_half/Course_Project/FPGA/class05_onchipROM/module/BCDDisplay.v Line: 46
Warning (12241): 1 hierarchies have connectivity warnings - see the Connectivity Checks report folder
Info (13000): Registers with preset signals will power-up high File: C:/Users/82312/Desktop/GitTEST/Planof2019_half/Course_Project/FPGA/class05_onchipROM/module/device_74hc595.v Line: 14
Info (13003): DEV_CLRn pin will set, and not reset, register with preset signal due to NOT Gate Push-Back
Info (286030): Timing-Driven Synthesis is running
Info (17049): 2 registers lost all their fanouts during netlist optimizations.
Info (16010): Generating hard_block partition "hard_block:auto_generated_inst"
    Info (16011): Adding 0 node(s), including 0 DDIO, 0 PLL, 0 transceiver and 0 LCELL
Info (21057): Implemented 308 device resources after synthesis - the final resource count might be different
    Info (21058): Implemented 2 input pins
    Info (21059): Implemented 3 output pins
    Info (21061): Implemented 271 logic cells
    Info (21064): Implemented 32 RAM segments
Info: Quartus Prime Analysis & Synthesis was successful. 0 errors, 4 warnings
    Info: Peak virtual memory: 4808 megabytes
    Info: Processing ended: Mon Nov 19 12:47:55 2018
    Info: Elapsed time: 00:00:09
    Info: Total CPU time (on all processors): 00:00:20


