Assembler report for Ethernet
Thu Dec 13 19:28:44 2018
Quartus Prime Version 18.1.0 Build 625 09/12/2018 SJ Standard Edition


---------------------
; Table of Contents ;
---------------------
  1. Legal Notice
  2. Assembler Summary
  3. Assembler Settings
  4. Assembler Generated Files
  5. Assembler Device Options: C:/Users/Administrator/Desktop/github_code/Planof2019_half/Course_Project/FPGA/class13_RTL8201_IP_UDP/output_files/Ethernet.sof
  6. Assembler Messages



----------------
; Legal Notice ;
----------------
Copyright (C) 2018  Intel Corporation. All rights reserved.
Your use of Intel Corporation's design tools, logic functions 
and other software and tools, and its AMPP partner logic 
functions, and any output files from any of the foregoing 
(including device programming or simulation files), and any 
associated documentation or information are expressly subject 
to the terms and conditions of the Intel Program License 
Subscription Agreement, the Intel Quartus Prime License Agreement,
the Intel FPGA IP License Agreement, or other applicable license
agreement, including, without limitation, that your use is for
the sole purpose of programming logic devices manufactured by
Intel and sold by Intel or its authorized distributors.  Please
refer to the applicable agreement for further details.



+---------------------------------------------------------------+
; Assembler Summary                                             ;
+-----------------------+---------------------------------------+
; Assembler Status      ; Successful - Thu Dec 13 19:28:44 2018 ;
; Revision Name         ; Ethernet                              ;
; Top-level Entity Name ; UDP_test                              ;
; Family                ; Cyclone IV E                          ;
; Device                ; EP4CE10F17C8                          ;
+-----------------------+---------------------------------------+


+----------------------------------+
; Assembler Settings               ;
+--------+---------+---------------+
; Option ; Setting ; Default Value ;
+--------+---------+---------------+


+---------------------------------------------------------------------------------------------------------------------------------+
; Assembler Generated Files                                                                                                       ;
+---------------------------------------------------------------------------------------------------------------------------------+
; File Name                                                                                                                       ;
+---------------------------------------------------------------------------------------------------------------------------------+
; C:/Users/Administrator/Desktop/github_code/Planof2019_half/Course_Project/FPGA/class13_RTL8201_IP_UDP/output_files/Ethernet.sof ;
+---------------------------------------------------------------------------------------------------------------------------------+


+-----------------------------------------------------------------------------------------------------------------------------------------------------------+
; Assembler Device Options: C:/Users/Administrator/Desktop/github_code/Planof2019_half/Course_Project/FPGA/class13_RTL8201_IP_UDP/output_files/Ethernet.sof ;
+----------------+------------------------------------------------------------------------------------------------------------------------------------------+
; Option         ; Setting                                                                                                                                  ;
+----------------+------------------------------------------------------------------------------------------------------------------------------------------+
; JTAG usercode  ; 0x000C3879                                                                                                                               ;
; Checksum       ; 0x000C3879                                                                                                                               ;
+----------------+------------------------------------------------------------------------------------------------------------------------------------------+


+--------------------+
; Assembler Messages ;
+--------------------+
Info: *******************************************************************
Info: Running Quartus Prime Assembler
    Info: Version 18.1.0 Build 625 09/12/2018 SJ Standard Edition
    Info: Processing started: Thu Dec 13 19:28:43 2018
Info: Command: quartus_asm --read_settings_files=off --write_settings_files=off Ethernet -c Ethernet
Info (115031): Writing out detailed assembly data for power analysis
Info (115030): Assembler is generating device programming files
Info: Quartus Prime Assembler was successful. 0 errors, 0 warnings
    Info: Peak virtual memory: 4693 megabytes
    Info: Processing ended: Thu Dec 13 19:28:44 2018
    Info: Elapsed time: 00:00:01
    Info: Total CPU time (on all processors): 00:00:01


