Assembler report for nios_led
Thu Dec 20 19:36:12 2018
Quartus Prime Version 18.1.0 Build 625 09/12/2018 SJ Standard Edition


---------------------
; Table of Contents ;
---------------------
  1. Legal Notice
  2. Assembler Summary
  3. Assembler Settings
  4. Assembler Encrypted IP Cores Summary
  5. Assembler Generated Files
  6. Assembler Device Options: C:/Users/Administrator/Desktop/github_code/Planof2019_half/Course_Project/FPGA/class15_NIOS_II/output_files/nios_led.sof
  7. Assembler Messages



----------------
; Legal Notice ;
----------------
Copyright (C) 2018  Intel Corporation. All rights reserved.
Your use of Intel Corporation's design tools, logic functions 
and other software and tools, and its AMPP partner logic 
functions, and any output files from any of the foregoing 
(including device programming or simulation files), and any 
associated documentation or information are expressly subject 
to the terms and conditions of the Intel Program License 
Subscription Agreement, the Intel Quartus Prime License Agreement,
the Intel FPGA IP License Agreement, or other applicable license
agreement, including, without limitation, that your use is for
the sole purpose of programming logic devices manufactured by
Intel and sold by Intel or its authorized distributors.  Please
refer to the applicable agreement for further details.



+---------------------------------------------------------------+
; Assembler Summary                                             ;
+-----------------------+---------------------------------------+
; Assembler Status      ; Successful - Thu Dec 20 19:36:12 2018 ;
; Revision Name         ; nios_led                              ;
; Top-level Entity Name ; nios_led                              ;
; Family                ; Cyclone IV E                          ;
; Device                ; EP4CE10F17C8                          ;
+-----------------------+---------------------------------------+


+----------------------------------+
; Assembler Settings               ;
+--------+---------+---------------+
; Option ; Setting ; Default Value ;
+--------+---------+---------------+


+-------------------------------------------------------+
; Assembler Encrypted IP Cores Summary                  ;
+--------+-------------------------------+--------------+
; Vendor ; IP Core Name                  ; License Type ;
+--------+-------------------------------+--------------+
; Altera ; Nios II Processor (6AF7 00A2) ; Licensed     ;
; Altera ; Signal Tap (6AF7 BCE1)        ; Licensed     ;
; Altera ; Signal Tap (6AF7 BCEC)        ; Licensed     ;
+--------+-------------------------------+--------------+


+--------------------------------------------------------------------------------------------------------------------------+
; Assembler Generated Files                                                                                                ;
+--------------------------------------------------------------------------------------------------------------------------+
; File Name                                                                                                                ;
+--------------------------------------------------------------------------------------------------------------------------+
; C:/Users/Administrator/Desktop/github_code/Planof2019_half/Course_Project/FPGA/class15_NIOS_II/output_files/nios_led.sof ;
+--------------------------------------------------------------------------------------------------------------------------+


+----------------------------------------------------------------------------------------------------------------------------------------------------+
; Assembler Device Options: C:/Users/Administrator/Desktop/github_code/Planof2019_half/Course_Project/FPGA/class15_NIOS_II/output_files/nios_led.sof ;
+----------------+-----------------------------------------------------------------------------------------------------------------------------------+
; Option         ; Setting                                                                                                                           ;
+----------------+-----------------------------------------------------------------------------------------------------------------------------------+
; JTAG usercode  ; 0x0027C394                                                                                                                        ;
; Checksum       ; 0x0027C394                                                                                                                        ;
+----------------+-----------------------------------------------------------------------------------------------------------------------------------+


+--------------------+
; Assembler Messages ;
+--------------------+
Info: *******************************************************************
Info: Running Quartus Prime Assembler
    Info: Version 18.1.0 Build 625 09/12/2018 SJ Standard Edition
    Info: Processing started: Thu Dec 20 19:36:10 2018
Info: Command: quartus_asm --read_settings_files=off --write_settings_files=off nios_led -c nios_led
Info (115031): Writing out detailed assembly data for power analysis
Info (115030): Assembler is generating device programming files
Info: Quartus Prime Assembler was successful. 0 errors, 0 warnings
    Info: Peak virtual memory: 4708 megabytes
    Info: Processing ended: Thu Dec 20 19:36:12 2018
    Info: Elapsed time: 00:00:02
    Info: Total CPU time (on all processors): 00:00:02


