Flow report for class03_pushkey2
Mon Nov 12 12:49:45 2018
Quartus Prime Version 18.0.0 Build 614 04/24/2018 SJ Lite Edition


---------------------
; Table of Contents ;
---------------------
  1. Legal Notice
  2. Flow Summary
  3. Flow Settings
  4. Flow Non-Default Global Settings
  5. Flow Elapsed Time
  6. Flow OS Summary
  7. Flow Log
  8. Flow Messages
  9. Flow Suppressed Messages



----------------
; Legal Notice ;
----------------
Copyright (C) 2018  Intel Corporation. All rights reserved.
Your use of Intel Corporation's design tools, logic functions 
and other software and tools, and its AMPP partner logic 
functions, and any output files from any of the foregoing 
(including device programming or simulation files), and any 
associated documentation or information are expressly subject 
to the terms and conditions of the Intel Program License 
Subscription Agreement, the Intel Quartus Prime License Agreement,
the Intel FPGA IP License Agreement, or other applicable license
agreement, including, without limitation, that your use is for
the sole purpose of programming logic devices manufactured by
Intel and sold by Intel or its authorized distributors.  Please
refer to the applicable agreement for further details.



+----------------------------------------------------------------------------------+
; Flow Summary                                                                     ;
+------------------------------------+---------------------------------------------+
; Flow Status                        ; Successful - Mon Nov 12 12:49:45 2018       ;
; Quartus Prime Version              ; 18.0.0 Build 614 04/24/2018 SJ Lite Edition ;
; Revision Name                      ; class03_pushkey2                            ;
; Top-level Entity Name              ; main                                        ;
; Family                             ; Cyclone IV E                                ;
; Device                             ; EP4CE10F17C8                                ;
; Timing Models                      ; Final                                       ;
; Total logic elements               ; 170 / 10,320 ( 2 % )                        ;
;     Total combinational functions  ; 168 / 10,320 ( 2 % )                        ;
;     Dedicated logic registers      ; 110 / 10,320 ( 1 % )                        ;
; Total registers                    ; 110                                         ;
; Total pins                         ; 5 / 180 ( 3 % )                             ;
; Total virtual pins                 ; 0                                           ;
; Total memory bits                  ; 0 / 423,936 ( 0 % )                         ;
; Embedded Multiplier 9-bit elements ; 0 / 46 ( 0 % )                              ;
; Total PLLs                         ; 0 / 2 ( 0 % )                               ;
+------------------------------------+---------------------------------------------+


+-----------------------------------------+
; Flow Settings                           ;
+-------------------+---------------------+
; Option            ; Setting             ;
+-------------------+---------------------+
; Start date & time ; 11/12/2018 12:49:25 ;
; Main task         ; Compilation         ;
; Revision Name     ; class03_pushkey2    ;
+-------------------+---------------------+


+--------------------------------------------------------------------------------------------------------------------------------------+
; Flow Non-Default Global Settings                                                                                                     ;
+--------------------------------------+----------------------------------------+------------------+-------------+---------------------+
; Assignment Name                      ; Value                                  ; Default Value    ; Entity Name ; Section Id          ;
+--------------------------------------+----------------------------------------+------------------+-------------+---------------------+
; COMPILER_SIGNATURE_ID                ; 1098641533198.154199816523732          ; --               ; --          ; --                  ;
; EDA_DESIGN_INSTANCE_NAME             ; NA                                     ; --               ; --          ; class03_pushkey2_tb ;
; EDA_DESIGN_INSTANCE_NAME             ; NA                                     ; --               ; --          ; inkey_tb            ;
; EDA_NATIVELINK_SIMULATION_TEST_BENCH ; inkey_tb                               ; --               ; --          ; eda_simulation      ;
; EDA_OUTPUT_DATA_FORMAT               ; Verilog Hdl                            ; --               ; --          ; eda_simulation      ;
; EDA_SIMULATION_TOOL                  ; ModelSim-Altera (Verilog)              ; <None>           ; --          ; --                  ;
; EDA_TEST_BENCH_ENABLE_STATUS         ; TEST_BENCH_MODE                        ; --               ; --          ; eda_simulation      ;
; EDA_TEST_BENCH_FILE                  ; testbench/class03_pushkey2_tb.v        ; --               ; --          ; class03_pushkey2_tb ;
; EDA_TEST_BENCH_FILE                  ; testbench/inkey_tb.v                   ; --               ; --          ; inkey_tb            ;
; EDA_TEST_BENCH_MODULE_NAME           ; class03_pushkey2_tb                    ; --               ; --          ; class03_pushkey2_tb ;
; EDA_TEST_BENCH_MODULE_NAME           ; inkey_tb                               ; --               ; --          ; inkey_tb            ;
; EDA_TEST_BENCH_NAME                  ; class03_pushkey2_tb                    ; --               ; --          ; eda_simulation      ;
; EDA_TEST_BENCH_NAME                  ; inkey_tb                               ; --               ; --          ; eda_simulation      ;
; EDA_TIME_SCALE                       ; 1 ns                                   ; --               ; --          ; eda_simulation      ;
; MAX_CORE_JUNCTION_TEMP               ; 85                                     ; --               ; --          ; --                  ;
; MIN_CORE_JUNCTION_TEMP               ; 0                                      ; --               ; --          ; --                  ;
; NOMINAL_CORE_SUPPLY_VOLTAGE          ; 1.2V                                   ; --               ; --          ; --                  ;
; PARTITION_COLOR                      ; -- (Not supported for targeted family) ; --               ; main        ; Top                 ;
; PARTITION_FITTER_PRESERVATION_LEVEL  ; -- (Not supported for targeted family) ; --               ; main        ; Top                 ;
; PARTITION_NETLIST_TYPE               ; -- (Not supported for targeted family) ; --               ; main        ; Top                 ;
; POWER_BOARD_THERMAL_MODEL            ; None (CONSERVATIVE)                    ; --               ; --          ; --                  ;
; POWER_PRESET_COOLING_SOLUTION        ; 23 MM HEAT SINK WITH 200 LFPM AIRFLOW  ; --               ; --          ; --                  ;
; PROJECT_OUTPUT_DIRECTORY             ; output_files                           ; --               ; --          ; --                  ;
; TOP_LEVEL_ENTITY                     ; main                                   ; class03_pushkey2 ; --          ; --                  ;
+--------------------------------------+----------------------------------------+------------------+-------------+---------------------+


+--------------------------------------------------------------------------------------------------------------------------+
; Flow Elapsed Time                                                                                                        ;
+----------------------+--------------+-------------------------+---------------------+------------------------------------+
; Module Name          ; Elapsed Time ; Average Processors Used ; Peak Virtual Memory ; Total CPU Time (on all processors) ;
+----------------------+--------------+-------------------------+---------------------+------------------------------------+
; Analysis & Synthesis ; 00:00:09     ; 1.0                     ; 4786 MB             ; 00:00:18                           ;
; Fitter               ; 00:00:04     ; 1.0                     ; 5542 MB             ; 00:00:04                           ;
; Assembler            ; 00:00:01     ; 1.0                     ; 4689 MB             ; 00:00:01                           ;
; Timing Analyzer      ; 00:00:02     ; 1.0                     ; 4776 MB             ; 00:00:02                           ;
; EDA Netlist Writer   ; 00:00:01     ; 1.0                     ; 4658 MB             ; 00:00:01                           ;
; Total                ; 00:00:17     ; --                      ; --                  ; 00:00:26                           ;
+----------------------+--------------+-------------------------+---------------------+------------------------------------+


+------------------------------------------------------------------------------------+
; Flow OS Summary                                                                    ;
+----------------------+------------------+------------+------------+----------------+
; Module Name          ; Machine Hostname ; OS Name    ; OS Version ; Processor type ;
+----------------------+------------------+------------+------------+----------------+
; Analysis & Synthesis ; DESKTOP-6SQKVS7  ; Windows 10 ; 10.0       ; x86_64         ;
; Fitter               ; DESKTOP-6SQKVS7  ; Windows 10 ; 10.0       ; x86_64         ;
; Assembler            ; DESKTOP-6SQKVS7  ; Windows 10 ; 10.0       ; x86_64         ;
; Timing Analyzer      ; DESKTOP-6SQKVS7  ; Windows 10 ; 10.0       ; x86_64         ;
; EDA Netlist Writer   ; DESKTOP-6SQKVS7  ; Windows 10 ; 10.0       ; x86_64         ;
+----------------------+------------------+------------+------------+----------------+


------------
; Flow Log ;
------------
quartus_map --read_settings_files=on --write_settings_files=off class03_pushkey2 -c class03_pushkey2
quartus_fit --read_settings_files=off --write_settings_files=off class03_pushkey2 -c class03_pushkey2
quartus_asm --read_settings_files=off --write_settings_files=off class03_pushkey2 -c class03_pushkey2
quartus_sta class03_pushkey2 -c class03_pushkey2
quartus_eda --read_settings_files=off --write_settings_files=off class03_pushkey2 -c class03_pushkey2



