Flow report for ADC128S022
Thu Nov 15 17:08:46 2018
Quartus Prime Version 18.0.0 Build 614 04/24/2018 SJ Lite Edition


---------------------
; Table of Contents ;
---------------------
  1. Legal Notice
  2. Flow Summary
  3. Flow Settings
  4. Flow Non-Default Global Settings
  5. Flow Elapsed Time
  6. Flow OS Summary
  7. Flow Log
  8. Flow Messages
  9. Flow Suppressed Messages



----------------
; Legal Notice ;
----------------
Copyright (C) 2018  Intel Corporation. All rights reserved.
Your use of Intel Corporation's design tools, logic functions 
and other software and tools, and its AMPP partner logic 
functions, and any output files from any of the foregoing 
(including device programming or simulation files), and any 
associated documentation or information are expressly subject 
to the terms and conditions of the Intel Program License 
Subscription Agreement, the Intel Quartus Prime License Agreement,
the Intel FPGA IP License Agreement, or other applicable license
agreement, including, without limitation, that your use is for
the sole purpose of programming logic devices manufactured by
Intel and sold by Intel or its authorized distributors.  Please
refer to the applicable agreement for further details.



+----------------------------------------------------------------------------------+
; Flow Summary                                                                     ;
+------------------------------------+---------------------------------------------+
; Flow Status                        ; Successful - Thu Nov 15 17:08:46 2018       ;
; Quartus Prime Version              ; 18.0.0 Build 614 04/24/2018 SJ Lite Edition ;
; Revision Name                      ; ADC128S022                                  ;
; Top-level Entity Name              ; voltmeter                                   ;
; Family                             ; Cyclone IV E                                ;
; Device                             ; EP4CE10F17C8                                ;
; Timing Models                      ; Final                                       ;
; Total logic elements               ; 303 / 10,320 ( 3 % )                        ;
;     Total combinational functions  ; 269 / 10,320 ( 3 % )                        ;
;     Dedicated logic registers      ; 218 / 10,320 ( 2 % )                        ;
; Total registers                    ; 218                                         ;
; Total pins                         ; 11 / 180 ( 6 % )                            ;
; Total virtual pins                 ; 0                                           ;
; Total memory bits                  ; 0 / 423,936 ( 0 % )                         ;
; Embedded Multiplier 9-bit elements ; 0 / 46 ( 0 % )                              ;
; Total PLLs                         ; 0 / 2 ( 0 % )                               ;
+------------------------------------+---------------------------------------------+


+-----------------------------------------+
; Flow Settings                           ;
+-------------------+---------------------+
; Option            ; Setting             ;
+-------------------+---------------------+
; Start date & time ; 11/15/2018 17:08:24 ;
; Main task         ; Compilation         ;
; Revision Name     ; ADC128S022          ;
+-------------------+---------------------+


+---------------------------------------------------------------------------------------------------------------------------------------+
; Flow Non-Default Global Settings                                                                                                      ;
+--------------------------------------+----------------------------------------+---------------+-------------+-------------------------+
; Assignment Name                      ; Value                                  ; Default Value ; Entity Name ; Section Id              ;
+--------------------------------------+----------------------------------------+---------------+-------------+-------------------------+
; COMPILER_SIGNATURE_ID                ; 1098641533198.154227290420208          ; --            ; --          ; --                      ;
; EDA_DESIGN_INSTANCE_NAME             ; NA                                     ; --            ; --          ; ADC128S022_interface_tb ;
; EDA_NATIVELINK_SIMULATION_TEST_BENCH ; ADC128S022_interface_tb                ; --            ; --          ; eda_simulation          ;
; EDA_OUTPUT_DATA_FORMAT               ; Verilog Hdl                            ; --            ; --          ; eda_simulation          ;
; EDA_SIMULATION_TOOL                  ; ModelSim-Altera (Verilog)              ; <None>        ; --          ; --                      ;
; EDA_TEST_BENCH_ENABLE_STATUS         ; TEST_BENCH_MODE                        ; --            ; --          ; eda_simulation          ;
; EDA_TEST_BENCH_FILE                  ; testbench/ADC128S022_interface_tb.v    ; --            ; --          ; ADC128S022_interface_tb ;
; EDA_TEST_BENCH_MODULE_NAME           ; ADC128S022_interface_tb                ; --            ; --          ; ADC128S022_interface_tb ;
; EDA_TEST_BENCH_NAME                  ; ADC128S022_interface_tb                ; --            ; --          ; eda_simulation          ;
; EDA_TIME_SCALE                       ; 1 ps                                   ; --            ; --          ; eda_simulation          ;
; MAX_CORE_JUNCTION_TEMP               ; 85                                     ; --            ; --          ; --                      ;
; MIN_CORE_JUNCTION_TEMP               ; 0                                      ; --            ; --          ; --                      ;
; NOMINAL_CORE_SUPPLY_VOLTAGE          ; 1.2V                                   ; --            ; --          ; --                      ;
; NUM_PARALLEL_PROCESSORS              ; All                                    ; --            ; --          ; --                      ;
; PARTITION_COLOR                      ; -- (Not supported for targeted family) ; --            ; voltmeter   ; Top                     ;
; PARTITION_FITTER_PRESERVATION_LEVEL  ; -- (Not supported for targeted family) ; --            ; voltmeter   ; Top                     ;
; PARTITION_NETLIST_TYPE               ; -- (Not supported for targeted family) ; --            ; voltmeter   ; Top                     ;
; POWER_BOARD_THERMAL_MODEL            ; None (CONSERVATIVE)                    ; --            ; --          ; --                      ;
; POWER_PRESET_COOLING_SOLUTION        ; 23 MM HEAT SINK WITH 200 LFPM AIRFLOW  ; --            ; --          ; --                      ;
; PROJECT_OUTPUT_DIRECTORY             ; output_files                           ; --            ; --          ; --                      ;
; TOP_LEVEL_ENTITY                     ; voltmeter                              ; ADC128S022    ; --          ; --                      ;
+--------------------------------------+----------------------------------------+---------------+-------------+-------------------------+


+--------------------------------------------------------------------------------------------------------------------------+
; Flow Elapsed Time                                                                                                        ;
+----------------------+--------------+-------------------------+---------------------+------------------------------------+
; Module Name          ; Elapsed Time ; Average Processors Used ; Peak Virtual Memory ; Total CPU Time (on all processors) ;
+----------------------+--------------+-------------------------+---------------------+------------------------------------+
; Analysis & Synthesis ; 00:00:10     ; 1.0                     ; 4801 MB             ; 00:00:20                           ;
; Fitter               ; 00:00:04     ; 1.0                     ; 5539 MB             ; 00:00:05                           ;
; Assembler            ; 00:00:00     ; 1.0                     ; 4693 MB             ; 00:00:01                           ;
; Timing Analyzer      ; 00:00:02     ; 1.1                     ; 4774 MB             ; 00:00:02                           ;
; EDA Netlist Writer   ; 00:00:01     ; 1.0                     ; 4661 MB             ; 00:00:01                           ;
; Total                ; 00:00:17     ; --                      ; --                  ; 00:00:29                           ;
+----------------------+--------------+-------------------------+---------------------+------------------------------------+


+------------------------------------------------------------------------------------+
; Flow OS Summary                                                                    ;
+----------------------+------------------+------------+------------+----------------+
; Module Name          ; Machine Hostname ; OS Name    ; OS Version ; Processor type ;
+----------------------+------------------+------------+------------+----------------+
; Analysis & Synthesis ; DESKTOP-6SQKVS7  ; Windows 10 ; 10.0       ; x86_64         ;
; Fitter               ; DESKTOP-6SQKVS7  ; Windows 10 ; 10.0       ; x86_64         ;
; Assembler            ; DESKTOP-6SQKVS7  ; Windows 10 ; 10.0       ; x86_64         ;
; Timing Analyzer      ; DESKTOP-6SQKVS7  ; Windows 10 ; 10.0       ; x86_64         ;
; EDA Netlist Writer   ; DESKTOP-6SQKVS7  ; Windows 10 ; 10.0       ; x86_64         ;
+----------------------+------------------+------------+------------+----------------+


------------
; Flow Log ;
------------
quartus_map --read_settings_files=on --write_settings_files=off ADC128S022 -c ADC128S022
quartus_fit --read_settings_files=off --write_settings_files=off ADC128S022 -c ADC128S022
quartus_asm --read_settings_files=off --write_settings_files=off ADC128S022 -c ADC128S022
quartus_sta ADC128S022 -c ADC128S022
quartus_eda --read_settings_files=off --write_settings_files=off ADC128S022 -c ADC128S022



